Startpoint: _345957_ (rising edge-triggered flip-flop clocked by wb_clk_i)
Endpoint: _347384_ (removal check against rising-edge clock wb_clk_i)
Path Group: **async_default**
Path Type: min

  Delay    Time   Description
---------------------------------------------------------
   0.00    0.00   clock wb_clk_i (rise edge)
   0.00    0.00   clock network delay (ideal)
   0.00    0.00 ^ _345957_/CLK (sky130_fd_sc_hd__dfstp_4)
   0.28    0.28 v _345957_/Q (sky130_fd_sc_hd__dfstp_4)
   0.10    0.37 v _160465_/X (sky130_fd_sc_hd__buf_2)
   0.09    0.47 v _160466_/X (sky130_fd_sc_hd__buf_2)
   0.03    0.50 ^ _162288_/Y (sky130_fd_sc_hd__inv_2)
   0.08    0.58 ^ _162289_/X (sky130_fd_sc_hd__buf_2)
   0.08    0.66 ^ _162290_/X (sky130_fd_sc_hd__buf_2)
   0.08    0.74 ^ _162291_/X (sky130_fd_sc_hd__buf_2)
   0.12    0.85 ^ _162292_/X (sky130_fd_sc_hd__buf_2)
   0.00    0.85 ^ _347384_/RESET_B (sky130_fd_sc_hd__dfrtp_4)
           0.85   data arrival time

   0.00    0.00   clock wb_clk_i (rise edge)
   0.00    0.00   clock network delay (ideal)
   0.00    0.00   clock reconvergence pessimism
           0.00 ^ _347384_/CLK (sky130_fd_sc_hd__dfrtp_4)
   0.21    0.21   library removal time
           0.21   data required time
---------------------------------------------------------
           0.21   data required time
          -0.85   data arrival time
---------------------------------------------------------
           0.64   slack (MET)


Startpoint: _347129_ (rising edge-triggered flip-flop clocked by wb_clk_i)
Endpoint: _321093_ (rising edge-triggered flip-flop clocked by wb_clk_i)
Path Group: wb_clk_i
Path Type: min

  Delay    Time   Description
---------------------------------------------------------
   0.00    0.00   clock wb_clk_i (rise edge)
   0.00    0.00   clock network delay (ideal)
   0.00    0.00 ^ _347129_/CLK (sky130_fd_sc_hd__dfxtp_4)
   0.21    0.21 ^ _347129_/Q (sky130_fd_sc_hd__dfxtp_4)
   0.00    0.21 ^ _321093_/D (sky130_fd_sc_hd__dfxtp_4)
           0.21   data arrival time

   0.00    0.00   clock wb_clk_i (rise edge)
   0.00    0.00   clock network delay (ideal)
   0.00    0.00   clock reconvergence pessimism
           0.00 ^ _321093_/CLK (sky130_fd_sc_hd__dfxtp_4)
  -0.02   -0.02   library hold time
          -0.02   data required time
---------------------------------------------------------
          -0.02   data required time
          -0.21   data arrival time
---------------------------------------------------------
           0.22   slack (MET)


Startpoint: la_data_in[2] (input port clocked by wb_clk_i)
Endpoint: _346784_ (recovery check against rising-edge clock wb_clk_i)
Path Group: **async_default**
Path Type: max

  Delay    Time   Description
---------------------------------------------------------
   0.00    0.00   clock wb_clk_i (rise edge)
   0.00    0.00   clock network delay (ideal)
   4.00    4.00 v input external delay
   0.01    4.01 v la_data_in[2] (in)
   0.43    4.44 v _163808_/X (sky130_fd_sc_hd__or2_4)
   0.27    4.71 v _163809_/X (sky130_fd_sc_hd__buf_2)
   0.27    4.98 v _163810_/X (sky130_fd_sc_hd__buf_2)
   0.08    5.06 ^ _163811_/Y (sky130_fd_sc_hd__inv_2)
   0.21    5.26 ^ _163812_/X (sky130_fd_sc_hd__buf_2)
   0.24    5.51 ^ _163813_/X (sky130_fd_sc_hd__buf_2)
   0.23    5.73 ^ _163814_/X (sky130_fd_sc_hd__buf_2)
   0.21    5.95 ^ _172984_/X (sky130_fd_sc_hd__buf_2)
   0.21    6.16 ^ _172985_/X (sky130_fd_sc_hd__buf_2)
   0.18    6.34 ^ _172986_/X (sky130_fd_sc_hd__buf_2)
   0.00    6.34 ^ _346784_/SET_B (sky130_fd_sc_hd__dfstp_4)
           6.34   data arrival time

  20.00   20.00   clock wb_clk_i (rise edge)
   0.00   20.00   clock network delay (ideal)
   0.00   20.00   clock reconvergence pessimism
          20.00 ^ _346784_/CLK (sky130_fd_sc_hd__dfstp_4)
   0.25   20.25   library recovery time
          20.25   data required time
---------------------------------------------------------
          20.25   data required time
          -6.34   data arrival time
---------------------------------------------------------
          13.91   slack (MET)


Startpoint: la_data_in[3] (input port clocked by wb_clk_i)
Endpoint: _345272_ (rising edge-triggered flip-flop clocked by wb_clk_i)
Path Group: wb_clk_i
Path Type: max

  Delay    Time   Description
---------------------------------------------------------
   0.00    0.00   clock wb_clk_i (rise edge)
   0.00    0.00   clock network delay (ideal)
   4.00    4.00 v input external delay
   0.01    4.01 v la_data_in[3] (in)
   0.45    4.46 v _160260_/X (sky130_fd_sc_hd__or2_4)
   0.93    5.39 v _160332_/X (sky130_fd_sc_hd__or4_4)
   0.28    5.66 v _160333_/X (sky130_fd_sc_hd__buf_2)
   0.75    6.42 v _160344_/X (sky130_fd_sc_hd__or3_4)
   0.46    6.87 v _160347_/X (sky130_fd_sc_hd__o22a_4)
   0.49    7.36 v _160403_/X (sky130_fd_sc_hd__or2_4)
   0.12    7.48 ^ _187177_/Y (sky130_fd_sc_hd__inv_2)
   0.33    7.81 ^ _187179_/X (sky130_fd_sc_hd__and2_4)
   0.34    8.14 ^ _187181_/X (sky130_fd_sc_hd__and2_4)
   0.34    8.48 ^ _187183_/X (sky130_fd_sc_hd__and2_4)
   0.35    8.83 ^ _187185_/X (sky130_fd_sc_hd__and2_4)
   0.47    9.30 ^ _187186_/X (sky130_fd_sc_hd__and3_4)
   0.32    9.62 ^ _187188_/X (sky130_fd_sc_hd__and2_4)
   0.29    9.91 ^ _187190_/X (sky130_fd_sc_hd__and2_4)
   0.08    9.99 v _187191_/Y (sky130_fd_sc_hd__inv_2)
   0.83   10.81 v _187192_/X (sky130_fd_sc_hd__or4_4)
   0.16   10.97 ^ _187193_/Y (sky130_fd_sc_hd__inv_2)
   0.48   11.46 ^ _187194_/X (sky130_fd_sc_hd__and3_4)
   0.49   11.95 ^ _187195_/X (sky130_fd_sc_hd__and3_4)
   0.48   12.43 ^ _187196_/X (sky130_fd_sc_hd__and3_4)
   0.35   12.78 ^ _187198_/X (sky130_fd_sc_hd__and2_4)
   0.34   13.11 ^ _187200_/X (sky130_fd_sc_hd__and2_4)
   0.34   13.45 ^ _187202_/X (sky130_fd_sc_hd__and2_4)
   0.35   13.79 ^ _187204_/X (sky130_fd_sc_hd__and2_4)
   0.47   14.27 ^ _187205_/X (sky130_fd_sc_hd__and3_4)
   0.35   14.61 ^ _187207_/X (sky130_fd_sc_hd__and2_4)
   0.34   14.95 ^ _187210_/X (sky130_fd_sc_hd__and2_4)
   0.34   15.29 ^ _187212_/X (sky130_fd_sc_hd__and2_4)
   0.34   15.62 ^ _187215_/X (sky130_fd_sc_hd__and2_4)
   0.12   15.74 v _187217_/Y (sky130_fd_sc_hd__nand2_4)
   0.41   16.15 v _187219_/X (sky130_fd_sc_hd__a2bb2o_4)
   0.29   16.43 ^ _187222_/Y (sky130_fd_sc_hd__a22oi_4)
   0.42   16.85 v _187223_/X (sky130_fd_sc_hd__a2bb2o_4)
   0.00   16.85 v _345272_/D (sky130_fd_sc_hd__dfxtp_4)
          16.85   data arrival time

  20.00   20.00   clock wb_clk_i (rise edge)
   0.00   20.00   clock network delay (ideal)
   0.00   20.00   clock reconvergence pessimism
          20.00 ^ _345272_/CLK (sky130_fd_sc_hd__dfxtp_4)
  -0.28   19.72   library setup time
          19.72   data required time
---------------------------------------------------------
          19.72   data required time
         -16.85   data arrival time
---------------------------------------------------------
           2.87   slack (MET)


