
reading lef ...

units:       1000
#layers:     13
#macros:     442
#vias:       25
#viarulegen: 25

reading def ...

design:      user_project_wrapper
die area:    ( 0 0 ) ( 2920000 3520000 )
trackPts:    12
defvias:     2
#components: 4
#terminals:  644
#snets:      8
#nets:       636

reading guide ...

#guides:     3710
Warning: met2 does not have viaDef align with layer direction, generating new viaDef via2_FR...
Warning: met4 does not have viaDef align with layer direction, generating new viaDef via4_FR...
done initConstraintLayerIdx
List of default vias:
  Layer mcon
    default via: L1M1_PR_MR
  Layer via
    default via: M1M2_PR
  Layer via2
    default via: via2_FR
  Layer via3
    default via: M3M4_PR_M
  Layer via4
    default via: via4_FR
Writing reference output def...

libcell analysis ...

instance analysis ...
#unique instances = 4

init region query ...
  complete FR_MASTERSLICE
  complete FR_VIA
  complete li1
  complete mcon
  complete met1
  complete via
  complete met2
  complete via2
  complete met3
  complete via3
  complete met4
  complete via4
  complete met5

FR_MASTERSLICE shape region query size = 0
FR_VIA shape region query size = 0
li1 shape region query size = 2
mcon shape region query size = 0
met1 shape region query size = 1
via shape region query size = 0
met2 shape region query size = 1735
via2 shape region query size = 0
met3 shape region query size = 110
via3 shape region query size = 0
met4 shape region query size = 1535
via4 shape region query size = 2546
met5 shape region query size = 1454


start pin access
  complete 100 pins
  complete 200 pins
  complete 300 pins
  complete 400 pins
  complete 500 pins
  complete 600 pins
  complete 604 pins
  complete 0 unique inst patterns
  complete 0 groups
Expt1 runtime (pin-level access point gen): 1.35826
Expt2 runtime (design-level access pattern gen): 3.3343e-05
#scanned instances     = 4
#unique  instances     = 4
#stdCellGenAp          = 0
#stdCellValidPlanarAp  = 0
#stdCellValidViaAp     = 0
#stdCellPinNoAp        = 0
#stdCellPinCnt         = 0
#instTermValidViaApCnt = 0
#macroGenAp            = 3020
#macroValidPlanarAp    = 3020
#macroValidViaAp       = 0
#macroNoAp             = 0

complete pin access
cpu time = 00:00:04, elapsed time = 00:00:01, memory = 24.11 (MB), peak = 24.35 (MB)

post process guides ...
GCELLGRID X -1 DO 510 STEP 6900 ;
GCELLGRID Y -1 DO 423 STEP 6900 ;
  complete FR_MASTERSLICE
  complete FR_VIA
  complete li1
  complete mcon
  complete met1
  complete via
  complete met2
  complete via2
  complete met3
  complete via3
  complete met4
  complete via4
  complete met5

building cmap ... 

init guide query ...
  complete FR_MASTERSLICE (guide)
  complete FR_VIA (guide)
  complete li1 (guide)
  complete mcon (guide)
  complete met1 (guide)
  complete via (guide)
  complete met2 (guide)
  complete via2 (guide)
  complete met3 (guide)
  complete via3 (guide)
  complete met4 (guide)
  complete via4 (guide)
  complete met5 (guide)

FR_MASTERSLICE guide region query size = 0
FR_VIA guide region query size = 0
li1 guide region query size = 0
mcon guide region query size = 0
met1 guide region query size = 672
via guide region query size = 0
met2 guide region query size = 1713
via2 guide region query size = 0
met3 guide region query size = 111
via3 guide region query size = 0
met4 guide region query size = 0
via4 guide region query size = 0
met5 guide region query size = 0

init gr pin query ...


start track assignment
Done with 1713 vertical wires in 9 frboxes and 783 horizontal wires in 11 frboxes.
Done with 142 vertical wires in 9 frboxes and 6 horizontal wires in 11 frboxes.

complete track assignment
cpu time = 00:00:00, elapsed time = 00:00:00, memory = 128.89 (MB), peak = 130.05 (MB)

post processing ...

start routing data preparation
initVia2ViaMinLen_minSpc li1 (d2d, d2u, u2d, u2u) = (0, 0, 0, 370)
initVia2ViaMinLen_minSpc met1 (d2d, d2u, u2d, u2u) = (430, 445, 445, 460)
initVia2ViaMinLen_minSpc met2 (d2d, d2u, u2d, u2u) = (460, 485, 485, 630)
initVia2ViaMinLen_minSpc met3 (d2d, d2u, u2d, u2u) = (630, 655, 655, 680)
initVia2ViaMinLen_minSpc met4 (d2d, d2u, u2d, u2u) = (630, 1055, 1055, 3020)
initVia2ViaMinLen_minSpc met5 (d2d, d2u, u2d, u2u) = (1480, 0, 0, 0)
initVia2ViaMinLen_minimumcut li1 (d2d, d2u, u2d, u2u) = (0, 0, 0, 370)
initVia2ViaMinLen_minimumcut li1 zerolen (b, b, b, b) = (1, 1, 1, 1)
initVia2ViaMinLen_minimumcut met1 (d2d, d2u, u2d, u2u) = (430, 445, 445, 460)
initVia2ViaMinLen_minimumcut met1 zerolen (b, b, b, b) = (1, 1, 1, 1)
initVia2ViaMinLen_minimumcut met2 (d2d, d2u, u2d, u2u) = (460, 485, 485, 630)
initVia2ViaMinLen_minimumcut met2 zerolen (b, b, b, b) = (1, 1, 1, 1)
initVia2ViaMinLen_minimumcut met3 (d2d, d2u, u2d, u2u) = (630, 655, 655, 680)
initVia2ViaMinLen_minimumcut met3 zerolen (b, b, b, b) = (1, 1, 1, 1)
initVia2ViaMinLen_minimumcut met4 (d2d, d2u, u2d, u2u) = (630, 1055, 1055, 3020)
initVia2ViaMinLen_minimumcut met4 zerolen (b, b, b, b) = (1, 1, 1, 1)
initVia2ViaMinLen_minimumcut met5 (d2d, d2u, u2d, u2u) = (1480, 0, 0, 0)
initVia2ViaMinLen_minimumcut met5 zerolen (b, b, b, b) = (1, 1, 1, 1)
initVia2ViaMinLenNew_minSpc li1 (d2d-x, d2d-y, d2u-x, d2u-y, u2d-x, u2d-y, u2u-x, u2u-y) = (0, 0, 0, 0, 0, 0, 430, 370)
initVia2ViaMinLenNew_minSpc met1 (d2d-x, d2d-y, d2u-x, d2u-y, u2d-x, u2d-y, u2u-x, u2u-y) = (430, 370, 445, 385, 445, 385, 460, 460)
initVia2ViaMinLenNew_minSpc met2 (d2d-x, d2d-y, d2u-x, d2u-y, u2d-x, u2d-y, u2u-x, u2u-y) = (460, 460, 410, 485, 410, 485, 630, 630)
initVia2ViaMinLenNew_minSpc met3 (d2d-x, d2d-y, d2u-x, d2u-y, u2d-x, u2d-y, u2u-x, u2u-y) = (630, 630, 655, 625, 655, 625, 680, 630)
initVia2ViaMinLenNew_minSpc met4 (d2d-x, d2d-y, d2u-x, d2u-y, u2d-x, u2d-y, u2u-x, u2u-y) = (680, 630, 1055, 1055, 1055, 1055, 3020, 3020)
initVia2ViaMinLenNew_minSpc met5 (d2d-x, d2d-y, d2u-x, d2u-y, u2d-x, u2d-y, u2u-x, u2u-y) = (1480, 1480, 0, 0, 0, 0, 0, 0)
initVia2ViaMinLenNew_minimumcut li1 (d2d-x, d2d-y, d2u-x, d2u-y, u2d-x, u2d-y, u2u-x, u2u-y) = (0, 0, 0, 0, 0, 0, 430, 370)
initVia2ViaMinLenNew_minimumcut met1 (d2d-x, d2d-y, d2u-x, d2u-y, u2d-x, u2d-y, u2u-x, u2u-y) = (430, 370, 445, 385, 445, 385, 460, 460)
initVia2ViaMinLenNew_minimumcut met2 (d2d-x, d2d-y, d2u-x, d2u-y, u2d-x, u2d-y, u2u-x, u2u-y) = (460, 460, 410, 485, 410, 485, 630, 630)
initVia2ViaMinLenNew_minimumcut met3 (d2d-x, d2d-y, d2u-x, d2u-y, u2d-x, u2d-y, u2u-x, u2u-y) = (630, 630, 655, 625, 655, 625, 680, 630)
initVia2ViaMinLenNew_minimumcut met4 (d2d-x, d2d-y, d2u-x, d2u-y, u2d-x, u2d-y, u2u-x, u2u-y) = (680, 630, 1055, 1055, 1055, 1055, 3020, 3020)
initVia2ViaMinLenNew_minimumcut met5 (d2d-x, d2d-y, d2u-x, d2u-y, u2d-x, u2d-y, u2u-x, u2u-y) = (1480, 1480, 0, 0, 0, 0, 0, 0)
initVia2ViaMinLenNew_cutSpc li1 (d2d-x, d2d-y, d2u-x, d2u-y, u2d-x, u2d-y, u2u-x, u2u-y) = (0, 0, 0, 0, 0, 0, 430, 370)
initVia2ViaMinLenNew_cutSpc met1 (d2d-x, d2d-y, d2u-x, d2u-y, u2d-x, u2d-y, u2u-x, u2u-y) = (430, 370, 445, 385, 445, 385, 460, 460)
initVia2ViaMinLenNew_cutSpc met2 (d2d-x, d2d-y, d2u-x, d2u-y, u2d-x, u2d-y, u2u-x, u2u-y) = (460, 460, 410, 485, 410, 485, 630, 630)
initVia2ViaMinLenNew_cutSpc met3 (d2d-x, d2d-y, d2u-x, d2u-y, u2d-x, u2d-y, u2u-x, u2u-y) = (630, 630, 655, 625, 655, 625, 680, 630)
initVia2ViaMinLenNew_cutSpc met4 (d2d-x, d2d-y, d2u-x, d2u-y, u2d-x, u2d-y, u2u-x, u2u-y) = (680, 630, 1055, 1055, 1055, 1055, 3020, 3020)
initVia2ViaMinLenNew_cutSpc met5 (d2d-x, d2d-y, d2u-x, d2u-y, u2d-x, u2d-y, u2u-x, u2u-y) = (1600, 1600, 0, 0, 0, 0, 0, 0)
cpu time = 00:00:00, elapsed time = 00:00:00, memory = 139.20 (MB), peak = 139.26 (MB)

start detail routing ...
start 0th optimization iteration ...
    completing 10% with 0 violations
    elapsed time = 00:00:02, memory = 210.36 (MB)
    completing 20% with 0 violations
    elapsed time = 00:00:05, memory = 251.46 (MB)
    completing 30% with 4422 violations
    elapsed time = 00:00:07, memory = 198.01 (MB)
    completing 40% with 4422 violations
    elapsed time = 00:00:09, memory = 233.21 (MB)
    completing 50% with 3713 violations
    elapsed time = 00:00:12, memory = 183.91 (MB)
    completing 60% with 3428 violations
    elapsed time = 00:00:14, memory = 218.31 (MB)
    completing 70% with 3428 violations
    elapsed time = 00:00:17, memory = 250.82 (MB)
    completing 80% with 3017 violations
    elapsed time = 00:00:19, memory = 198.00 (MB)
    completing 90% with 3017 violations
    elapsed time = 00:00:21, memory = 234.56 (MB)
    completing 100% with 985 violations
    elapsed time = 00:00:24, memory = 176.23 (MB)
  number of violations = 991
cpu time = 00:02:24, elapsed time = 00:00:24, memory = 450.84 (MB), peak = 488.69 (MB)
total wire length = 578002 um
total wire length on LAYER li1 = 0 um
total wire length on LAYER met1 = 208005 um
total wire length on LAYER met2 = 310273 um
total wire length on LAYER met3 = 59723 um
total wire length on LAYER met4 = 0 um
total wire length on LAYER met5 = 0 um
total number of vias = 1943
up-via summary (total 1943):

-----------------------
 FR_MASTERSLICE       0
            li1       0
           met1    1808
           met2     135
           met3       0
           met4       0
-----------------------
                   1943


start 1st optimization iteration ...
    completing 10% with 991 violations
    elapsed time = 00:00:02, memory = 496.21 (MB)
    completing 20% with 991 violations
    elapsed time = 00:00:04, memory = 529.21 (MB)
    completing 30% with 352 violations
    elapsed time = 00:00:06, memory = 478.77 (MB)
    completing 40% with 352 violations
    elapsed time = 00:00:09, memory = 520.52 (MB)
    completing 50% with 449 violations
    elapsed time = 00:00:11, memory = 470.36 (MB)
    completing 60% with 418 violations
    elapsed time = 00:00:13, memory = 494.21 (MB)
    completing 70% with 418 violations
    elapsed time = 00:00:16, memory = 526.14 (MB)
    completing 80% with 226 violations
    elapsed time = 00:00:18, memory = 480.40 (MB)
    completing 90% with 226 violations
    elapsed time = 00:00:20, memory = 520.41 (MB)
    completing 100% with 126 violations
    elapsed time = 00:00:23, memory = 463.57 (MB)
  number of violations = 126
cpu time = 00:02:17, elapsed time = 00:00:23, memory = 463.70 (MB), peak = 543.39 (MB)
total wire length = 578112 um
total wire length on LAYER li1 = 0 um
total wire length on LAYER met1 = 208072 um
total wire length on LAYER met2 = 310250 um
total wire length on LAYER met3 = 59788 um
total wire length on LAYER met4 = 0 um
total wire length on LAYER met5 = 0 um
total number of vias = 2021
up-via summary (total 2021):

-----------------------
 FR_MASTERSLICE       0
            li1       0
           met1    1872
           met2     149
           met3       0
           met4       0
-----------------------
                   2021


start 2nd optimization iteration ...
    completing 10% with 126 violations
    elapsed time = 00:00:00, memory = 463.70 (MB)
    completing 20% with 126 violations
    elapsed time = 00:00:00, memory = 463.89 (MB)
    completing 30% with 140 violations
    elapsed time = 00:00:00, memory = 464.02 (MB)
    completing 40% with 140 violations
    elapsed time = 00:00:00, memory = 473.13 (MB)
    completing 50% with 120 violations
    elapsed time = 00:00:00, memory = 478.80 (MB)
    completing 60% with 118 violations
    elapsed time = 00:00:00, memory = 478.82 (MB)
    completing 70% with 118 violations
    elapsed time = 00:00:00, memory = 478.91 (MB)
    completing 80% with 121 violations
    elapsed time = 00:00:00, memory = 479.03 (MB)
    completing 90% with 121 violations
    elapsed time = 00:00:00, memory = 479.03 (MB)
    completing 100% with 83 violations
    elapsed time = 00:00:00, memory = 481.09 (MB)
  number of violations = 83
cpu time = 00:00:05, elapsed time = 00:00:01, memory = 481.05 (MB), peak = 543.39 (MB)
total wire length = 578128 um
total wire length on LAYER li1 = 0 um
total wire length on LAYER met1 = 208077 um
total wire length on LAYER met2 = 310252 um
total wire length on LAYER met3 = 59798 um
total wire length on LAYER met4 = 0 um
total wire length on LAYER met5 = 0 um
total number of vias = 2035
up-via summary (total 2035):

-----------------------
 FR_MASTERSLICE       0
            li1       0
           met1    1886
           met2     149
           met3       0
           met4       0
-----------------------
                   2035


start 3rd optimization iteration ...
    completing 10% with 83 violations
    elapsed time = 00:00:00, memory = 481.05 (MB)
    completing 20% with 83 violations
    elapsed time = 00:00:00, memory = 481.56 (MB)
    completing 30% with 82 violations
    elapsed time = 00:00:00, memory = 481.58 (MB)
    completing 40% with 82 violations
    elapsed time = 00:00:00, memory = 481.67 (MB)
    completing 50% with 75 violations
    elapsed time = 00:00:00, memory = 481.75 (MB)
    completing 60% with 75 violations
    elapsed time = 00:00:00, memory = 481.76 (MB)
    completing 70% with 75 violations
    elapsed time = 00:00:00, memory = 481.76 (MB)
    completing 80% with 40 violations
    elapsed time = 00:00:00, memory = 481.76 (MB)
    completing 90% with 40 violations
    elapsed time = 00:00:00, memory = 481.76 (MB)
    completing 100% with 15 violations
    elapsed time = 00:00:01, memory = 481.76 (MB)
  number of violations = 15
cpu time = 00:00:05, elapsed time = 00:00:01, memory = 481.76 (MB), peak = 543.39 (MB)
total wire length = 578163 um
total wire length on LAYER li1 = 0 um
total wire length on LAYER met1 = 208331 um
total wire length on LAYER met2 = 310277 um
total wire length on LAYER met3 = 59554 um
total wire length on LAYER met4 = 0 um
total wire length on LAYER met5 = 0 um
total number of vias = 2139
up-via summary (total 2139):

-----------------------
 FR_MASTERSLICE       0
            li1       0
           met1    1952
           met2     187
           met3       0
           met4       0
-----------------------
                   2139


start 4th optimization iteration ...
    completing 10% with 15 violations
    elapsed time = 00:00:00, memory = 481.76 (MB)
    completing 20% with 15 violations
    elapsed time = 00:00:00, memory = 481.76 (MB)
    completing 30% with 12 violations
    elapsed time = 00:00:00, memory = 481.77 (MB)
    completing 40% with 12 violations
    elapsed time = 00:00:00, memory = 481.77 (MB)
    completing 50% with 12 violations
    elapsed time = 00:00:00, memory = 481.77 (MB)
    completing 60% with 12 violations
    elapsed time = 00:00:00, memory = 481.77 (MB)
    completing 70% with 12 violations
    elapsed time = 00:00:00, memory = 481.77 (MB)
    completing 80% with 8 violations
    elapsed time = 00:00:00, memory = 481.77 (MB)
    completing 90% with 8 violations
    elapsed time = 00:00:00, memory = 481.77 (MB)
    completing 100% with 5 violations
    elapsed time = 00:00:00, memory = 481.77 (MB)
  number of violations = 5
cpu time = 00:00:02, elapsed time = 00:00:00, memory = 481.77 (MB), peak = 543.39 (MB)
total wire length = 578172 um
total wire length on LAYER li1 = 0 um
total wire length on LAYER met1 = 208335 um
total wire length on LAYER met2 = 310286 um
total wire length on LAYER met3 = 59550 um
total wire length on LAYER met4 = 0 um
total wire length on LAYER met5 = 0 um
total number of vias = 2159
up-via summary (total 2159):

-----------------------
 FR_MASTERSLICE       0
            li1       0
           met1    1962
           met2     197
           met3       0
           met4       0
-----------------------
                   2159


start 5th optimization iteration ...
    completing 10% with 5 violations
    elapsed time = 00:00:00, memory = 481.77 (MB)
    completing 20% with 5 violations
    elapsed time = 00:00:00, memory = 481.77 (MB)
    completing 30% with 5 violations
    elapsed time = 00:00:00, memory = 481.77 (MB)
    completing 40% with 5 violations
    elapsed time = 00:00:00, memory = 481.77 (MB)
    completing 50% with 3 violations
    elapsed time = 00:00:00, memory = 481.77 (MB)
    completing 60% with 3 violations
    elapsed time = 00:00:00, memory = 481.77 (MB)
    completing 70% with 3 violations
    elapsed time = 00:00:00, memory = 481.77 (MB)
    completing 80% with 3 violations
    elapsed time = 00:00:00, memory = 481.77 (MB)
    completing 90% with 3 violations
    elapsed time = 00:00:00, memory = 481.77 (MB)
    completing 100% with 3 violations
    elapsed time = 00:00:00, memory = 473.70 (MB)
  number of violations = 3
cpu time = 00:00:01, elapsed time = 00:00:00, memory = 473.70 (MB), peak = 543.39 (MB)
total wire length = 578176 um
total wire length on LAYER li1 = 0 um
total wire length on LAYER met1 = 208335 um
total wire length on LAYER met2 = 310288 um
total wire length on LAYER met3 = 59552 um
total wire length on LAYER met4 = 0 um
total wire length on LAYER met5 = 0 um
total number of vias = 2159
up-via summary (total 2159):

-----------------------
 FR_MASTERSLICE       0
            li1       0
           met1    1962
           met2     197
           met3       0
           met4       0
-----------------------
                   2159


start 6th optimization iteration ...
    completing 10% with 3 violations
    elapsed time = 00:00:00, memory = 473.70 (MB)
    completing 20% with 3 violations
    elapsed time = 00:00:00, memory = 473.70 (MB)
    completing 30% with 3 violations
    elapsed time = 00:00:00, memory = 473.70 (MB)
    completing 40% with 3 violations
    elapsed time = 00:00:00, memory = 473.88 (MB)
    completing 50% with 3 violations
    elapsed time = 00:00:00, memory = 473.88 (MB)
    completing 60% with 3 violations
    elapsed time = 00:00:00, memory = 473.88 (MB)
    completing 70% with 3 violations
    elapsed time = 00:00:00, memory = 473.88 (MB)
    completing 80% with 3 violations
    elapsed time = 00:00:00, memory = 473.88 (MB)
    completing 90% with 3 violations
    elapsed time = 00:00:00, memory = 473.88 (MB)
    completing 100% with 0 violations
    elapsed time = 00:00:00, memory = 474.39 (MB)
  number of violations = 0
cpu time = 00:00:01, elapsed time = 00:00:00, memory = 474.39 (MB), peak = 543.39 (MB)
total wire length = 578184 um
total wire length on LAYER li1 = 0 um
total wire length on LAYER met1 = 208335 um
total wire length on LAYER met2 = 310295 um
total wire length on LAYER met3 = 59552 um
total wire length on LAYER met4 = 0 um
total wire length on LAYER met5 = 0 um
total number of vias = 2163
up-via summary (total 2163):

-----------------------
 FR_MASTERSLICE       0
            li1       0
           met1    1962
           met2     201
           met3       0
           met4       0
-----------------------
                   2163


start 17th optimization iteration ...
    completing 10% with 0 violations
    elapsed time = 00:00:00, memory = 474.39 (MB)
    completing 20% with 0 violations
    elapsed time = 00:00:00, memory = 474.42 (MB)
    completing 30% with 0 violations
    elapsed time = 00:00:00, memory = 474.42 (MB)
    completing 40% with 0 violations
    elapsed time = 00:00:00, memory = 474.42 (MB)
    completing 50% with 0 violations
    elapsed time = 00:00:00, memory = 474.42 (MB)
    completing 60% with 0 violations
    elapsed time = 00:00:00, memory = 474.42 (MB)
    completing 70% with 0 violations
    elapsed time = 00:00:00, memory = 474.42 (MB)
    completing 80% with 0 violations
    elapsed time = 00:00:00, memory = 474.42 (MB)
    completing 90% with 0 violations
    elapsed time = 00:00:00, memory = 474.42 (MB)
    completing 100% with 0 violations
    elapsed time = 00:00:00, memory = 474.42 (MB)
  number of violations = 0
cpu time = 00:00:01, elapsed time = 00:00:00, memory = 474.42 (MB), peak = 543.39 (MB)
total wire length = 578184 um
total wire length on LAYER li1 = 0 um
total wire length on LAYER met1 = 208335 um
total wire length on LAYER met2 = 310295 um
total wire length on LAYER met3 = 59552 um
total wire length on LAYER met4 = 0 um
total wire length on LAYER met5 = 0 um
total number of vias = 2163
up-via summary (total 2163):

-----------------------
 FR_MASTERSLICE       0
            li1       0
           met1    1962
           met2     201
           met3       0
           met4       0
-----------------------
                   2163


start 25th optimization iteration ...
    completing 10% with 0 violations
    elapsed time = 00:00:00, memory = 474.42 (MB)
    completing 20% with 0 violations
    elapsed time = 00:00:00, memory = 474.42 (MB)
    completing 30% with 0 violations
    elapsed time = 00:00:00, memory = 474.42 (MB)
    completing 40% with 0 violations
    elapsed time = 00:00:00, memory = 474.42 (MB)
    completing 50% with 0 violations
    elapsed time = 00:00:00, memory = 474.42 (MB)
    completing 60% with 0 violations
    elapsed time = 00:00:00, memory = 474.42 (MB)
    completing 70% with 0 violations
    elapsed time = 00:00:00, memory = 474.42 (MB)
    completing 80% with 0 violations
    elapsed time = 00:00:00, memory = 474.42 (MB)
    completing 90% with 0 violations
    elapsed time = 00:00:00, memory = 474.42 (MB)
    completing 100% with 0 violations
    elapsed time = 00:00:00, memory = 474.42 (MB)
  number of violations = 0
cpu time = 00:00:01, elapsed time = 00:00:00, memory = 474.42 (MB), peak = 543.39 (MB)
total wire length = 578184 um
total wire length on LAYER li1 = 0 um
total wire length on LAYER met1 = 208335 um
total wire length on LAYER met2 = 310295 um
total wire length on LAYER met3 = 59552 um
total wire length on LAYER met4 = 0 um
total wire length on LAYER met5 = 0 um
total number of vias = 2163
up-via summary (total 2163):

-----------------------
 FR_MASTERSLICE       0
            li1       0
           met1    1962
           met2     201
           met3       0
           met4       0
-----------------------
                   2163


start 33rd optimization iteration ...
    completing 10% with 0 violations
    elapsed time = 00:00:00, memory = 474.42 (MB)
    completing 20% with 0 violations
    elapsed time = 00:00:00, memory = 474.42 (MB)
    completing 30% with 0 violations
    elapsed time = 00:00:00, memory = 474.42 (MB)
    completing 40% with 0 violations
    elapsed time = 00:00:00, memory = 474.42 (MB)
    completing 50% with 0 violations
    elapsed time = 00:00:00, memory = 474.42 (MB)
    completing 60% with 0 violations
    elapsed time = 00:00:00, memory = 474.42 (MB)
    completing 70% with 0 violations
    elapsed time = 00:00:00, memory = 474.42 (MB)
    completing 80% with 0 violations
    elapsed time = 00:00:00, memory = 474.42 (MB)
    completing 90% with 0 violations
    elapsed time = 00:00:00, memory = 474.42 (MB)
    completing 100% with 0 violations
    elapsed time = 00:00:00, memory = 474.42 (MB)
  number of violations = 0
cpu time = 00:00:04, elapsed time = 00:00:00, memory = 474.42 (MB), peak = 543.39 (MB)
total wire length = 578184 um
total wire length on LAYER li1 = 0 um
total wire length on LAYER met1 = 208335 um
total wire length on LAYER met2 = 310295 um
total wire length on LAYER met3 = 59552 um
total wire length on LAYER met4 = 0 um
total wire length on LAYER met5 = 0 um
total number of vias = 2163
up-via summary (total 2163):

-----------------------
 FR_MASTERSLICE       0
            li1       0
           met1    1962
           met2     201
           met3       0
           met4       0
-----------------------
                   2163


start 41st optimization iteration ...
    completing 10% with 0 violations
    elapsed time = 00:00:00, memory = 474.42 (MB)
    completing 20% with 0 violations
    elapsed time = 00:00:00, memory = 474.42 (MB)
    completing 30% with 0 violations
    elapsed time = 00:00:00, memory = 474.42 (MB)
    completing 40% with 0 violations
    elapsed time = 00:00:00, memory = 474.42 (MB)
    completing 50% with 0 violations
    elapsed time = 00:00:00, memory = 474.42 (MB)
    completing 60% with 0 violations
    elapsed time = 00:00:00, memory = 474.42 (MB)
    completing 70% with 0 violations
    elapsed time = 00:00:00, memory = 474.42 (MB)
    completing 80% with 0 violations
    elapsed time = 00:00:00, memory = 474.42 (MB)
    completing 90% with 0 violations
    elapsed time = 00:00:00, memory = 474.42 (MB)
    completing 100% with 0 violations
    elapsed time = 00:00:00, memory = 474.42 (MB)
  number of violations = 0
cpu time = 00:00:03, elapsed time = 00:00:00, memory = 474.42 (MB), peak = 543.39 (MB)
total wire length = 578184 um
total wire length on LAYER li1 = 0 um
total wire length on LAYER met1 = 208335 um
total wire length on LAYER met2 = 310295 um
total wire length on LAYER met3 = 59552 um
total wire length on LAYER met4 = 0 um
total wire length on LAYER met5 = 0 um
total number of vias = 2163
up-via summary (total 2163):

-----------------------
 FR_MASTERSLICE       0
            li1       0
           met1    1962
           met2     201
           met3       0
           met4       0
-----------------------
                   2163


start 49th optimization iteration ...
    completing 10% with 0 violations
    elapsed time = 00:00:00, memory = 474.42 (MB)
    completing 20% with 0 violations
    elapsed time = 00:00:00, memory = 474.42 (MB)
    completing 30% with 0 violations
    elapsed time = 00:00:00, memory = 474.42 (MB)
    completing 40% with 0 violations
    elapsed time = 00:00:00, memory = 474.42 (MB)
    completing 50% with 0 violations
    elapsed time = 00:00:00, memory = 474.42 (MB)
    completing 60% with 0 violations
    elapsed time = 00:00:00, memory = 474.42 (MB)
    completing 70% with 0 violations
    elapsed time = 00:00:00, memory = 474.42 (MB)
    completing 80% with 0 violations
    elapsed time = 00:00:00, memory = 474.42 (MB)
    completing 90% with 0 violations
    elapsed time = 00:00:00, memory = 474.42 (MB)
    completing 100% with 0 violations
    elapsed time = 00:00:00, memory = 474.42 (MB)
  number of violations = 0
cpu time = 00:00:03, elapsed time = 00:00:00, memory = 474.42 (MB), peak = 543.39 (MB)
total wire length = 578184 um
total wire length on LAYER li1 = 0 um
total wire length on LAYER met1 = 208335 um
total wire length on LAYER met2 = 310295 um
total wire length on LAYER met3 = 59552 um
total wire length on LAYER met4 = 0 um
total wire length on LAYER met5 = 0 um
total number of vias = 2163
up-via summary (total 2163):

-----------------------
 FR_MASTERSLICE       0
            li1       0
           met1    1962
           met2     201
           met3       0
           met4       0
-----------------------
                   2163


start 57th optimization iteration ...
    completing 10% with 0 violations
    elapsed time = 00:00:00, memory = 474.42 (MB)
    completing 20% with 0 violations
    elapsed time = 00:00:00, memory = 474.42 (MB)
    completing 30% with 0 violations
    elapsed time = 00:00:00, memory = 474.42 (MB)
    completing 40% with 0 violations
    elapsed time = 00:00:00, memory = 474.42 (MB)
    completing 50% with 0 violations
    elapsed time = 00:00:00, memory = 474.42 (MB)
    completing 60% with 0 violations
    elapsed time = 00:00:00, memory = 474.42 (MB)
    completing 70% with 0 violations
    elapsed time = 00:00:00, memory = 474.42 (MB)
    completing 80% with 0 violations
    elapsed time = 00:00:00, memory = 474.42 (MB)
    completing 90% with 0 violations
    elapsed time = 00:00:00, memory = 474.42 (MB)
    completing 100% with 0 violations
    elapsed time = 00:00:00, memory = 474.42 (MB)
  number of violations = 0
cpu time = 00:00:03, elapsed time = 00:00:00, memory = 474.42 (MB), peak = 543.39 (MB)
total wire length = 578184 um
total wire length on LAYER li1 = 0 um
total wire length on LAYER met1 = 208335 um
total wire length on LAYER met2 = 310295 um
total wire length on LAYER met3 = 59552 um
total wire length on LAYER met4 = 0 um
total wire length on LAYER met5 = 0 um
total number of vias = 2163
up-via summary (total 2163):

-----------------------
 FR_MASTERSLICE       0
            li1       0
           met1    1962
           met2     201
           met3       0
           met4       0
-----------------------
                   2163


complete detail routing
total wire length = 578184 um
total wire length on LAYER li1 = 0 um
total wire length on LAYER met1 = 208335 um
total wire length on LAYER met2 = 310295 um
total wire length on LAYER met3 = 59552 um
total wire length on LAYER met4 = 0 um
total wire length on LAYER met5 = 0 um
total number of vias = 2163
up-via summary (total 2163):

-----------------------
 FR_MASTERSLICE       0
            li1       0
           met1    1962
           met2     201
           met3       0
           met4       0
-----------------------
                   2163

cpu time = 00:05:18, elapsed time = 00:00:55, memory = 474.42 (MB), peak = 543.39 (MB)

post processing ...

Runtime taken (hrt): 58.0693
