max slew

Pin                                    Limit    Slew   Slack
------------------------------------------------------------
_197601_/A                              1.50    1.98   -0.48 (VIOLATED)
_203967_/A                              1.50    1.98   -0.48 (VIOLATED)
_240878_/A                              1.50    1.98   -0.48 (VIOLATED)
_258390_/A                              1.50    1.98   -0.48 (VIOLATED)
_193765_/A                              1.50    1.97   -0.47 (VIOLATED)
_193764_/X                              1.51    1.97   -0.46 (VIOLATED)
_225969_/A                              1.50    1.91   -0.41 (VIOLATED)
_219757_/A                              1.50    1.91   -0.41 (VIOLATED)
_198854_/A                              1.50    1.91   -0.41 (VIOLATED)
_259592_/A                              1.50    1.90   -0.40 (VIOLATED)
_193741_/A                              1.50    1.90   -0.40 (VIOLATED)
_196295_/A                              1.50    1.90   -0.40 (VIOLATED)
_202679_/A                              1.50    1.90   -0.40 (VIOLATED)
_193726_/A                              1.50    1.90   -0.40 (VIOLATED)
_239580_/A                              1.50    1.90   -0.40 (VIOLATED)
_245778_/A                              1.50    1.90   -0.40 (VIOLATED)
_247236_/A                              1.50    1.90   -0.40 (VIOLATED)
_247348_/A                              1.50    1.89   -0.39 (VIOLATED)
_247457_/A                              1.50    1.89   -0.39 (VIOLATED)
_193740_/X                              1.51    1.90   -0.39 (VIOLATED)
_259594_/A                              1.50    1.89   -0.39 (VIOLATED)
_242094_/A                              1.50    1.89   -0.39 (VIOLATED)
_228298_/A                              1.50    1.89   -0.39 (VIOLATED)
_245815_/A                              1.50    1.89   -0.39 (VIOLATED)
_193725_/X                              1.51    1.90   -0.39 (VIOLATED)
_193744_/A                              1.50    1.88   -0.38 (VIOLATED)
_198856_/A                              1.50    1.88   -0.38 (VIOLATED)
_193749_/A                              1.50    1.88   -0.38 (VIOLATED)
_247566_/A                              1.50    1.88   -0.38 (VIOLATED)
_247675_/A                              1.50    1.87   -0.37 (VIOLATED)
_193743_/X                              1.51    1.88   -0.37 (VIOLATED)
_223491_/A                              1.50    1.87   -0.37 (VIOLATED)
_202688_/A                              1.50    1.87   -0.37 (VIOLATED)
_196304_/A                              1.50    1.87   -0.37 (VIOLATED)
_247235_/X                              1.51    1.87   -0.36 (VIOLATED)
_193748_/X                              1.51    1.87   -0.36 (VIOLATED)
_163115_/A                              1.50    1.85   -0.35 (VIOLATED)
_193691_/A                              1.50    1.85   -0.35 (VIOLATED)
_162509_/A                              1.50    1.85   -0.35 (VIOLATED)
_266315_/A                              1.50    1.82   -0.32 (VIOLATED)
_267342_/A                              1.50    1.82   -0.32 (VIOLATED)
_162508_/X                              1.51    1.82   -0.31 (VIOLATED)
_193660_/A                              1.50    1.78   -0.28 (VIOLATED)
_162320_/A                              1.50    1.78   -0.28 (VIOLATED)
_193373_/A                              1.50    1.78   -0.28 (VIOLATED)
_162921_/B                              1.50    1.77   -0.27 (VIOLATED)
_243513_/A                              1.50    1.76   -0.26 (VIOLATED)
_261008_/A                              1.50    1.76   -0.26 (VIOLATED)
_193274_/A                              1.50    1.76   -0.26 (VIOLATED)
_220807_/A                              1.50    1.75   -0.25 (VIOLATED)
_199931_/A                              1.50    1.75   -0.25 (VIOLATED)
_267319_/B                              1.50    1.75   -0.25 (VIOLATED)
_193273_/X                              1.51    1.75   -0.24 (VIOLATED)
_162319_/X                              1.51    1.75   -0.24 (VIOLATED)
_225708_/A                              1.50    1.74   -0.24 (VIOLATED)
_201154_/A                              1.50    1.74   -0.24 (VIOLATED)
_193100_/A                              1.50    1.73   -0.23 (VIOLATED)
_199979_/A                              1.50    1.73   -0.23 (VIOLATED)
_193761_/A                              1.50    1.71   -0.21 (VIOLATED)
_193099_/X                              1.51    1.71   -0.20 (VIOLATED)
_267398_/B                              1.50    1.67   -0.17 (VIOLATED)
_267338_/B                              1.50    1.67   -0.17 (VIOLATED)
_267386_/B                              1.50    1.67   -0.17 (VIOLATED)
_200631_/A                              1.50    1.67   -0.17 (VIOLATED)
_194950_/A                              1.50    1.67   -0.17 (VIOLATED)
_194949_/X                              1.51    1.67   -0.16 (VIOLATED)
_198531_/A                              1.50    1.61   -0.11 (VIOLATED)
_194173_/A                              1.50    1.61   -0.11 (VIOLATED)
_193909_/A                              1.50    1.61   -0.11 (VIOLATED)
_193819_/A                              1.50    1.61   -0.11 (VIOLATED)
_195979_/A                              1.50    1.60   -0.10 (VIOLATED)
_193818_/X                              1.51    1.60   -0.09 (VIOLATED)
_193609_/A                              1.50    1.59   -0.09 (VIOLATED)
_193312_/A                              1.50    1.59   -0.09 (VIOLATED)
_203718_/A                              1.50    1.59   -0.09 (VIOLATED)
_194790_/A                              1.50    1.59   -0.09 (VIOLATED)
_193196_/A                              1.50    1.59   -0.09 (VIOLATED)
_193195_/X                              1.51    1.59   -0.08 (VIOLATED)
_201848_/A                              1.50    1.58   -0.08 (VIOLATED)
_194776_/A                              1.50    1.58   -0.08 (VIOLATED)
_196830_/A                              1.50    1.57   -0.07 (VIOLATED)
_194953_/A                              1.50    1.57   -0.07 (VIOLATED)
_195149_/A                              1.50    1.57   -0.07 (VIOLATED)
_291120_/A                              1.50    1.57   -0.07 (VIOLATED)
_186551_/A                              1.50    1.57   -0.07 (VIOLATED)
_194775_/X                              1.51    1.57   -0.06 (VIOLATED)
_240282_/A                              1.50    1.56   -0.06 (VIOLATED)
_246473_/A                              1.50    1.56   -0.06 (VIOLATED)
_227786_/A                              1.50    1.56   -0.06 (VIOLATED)
_241589_/A                              1.50    1.56   -0.06 (VIOLATED)
_259094_/A                              1.50    1.56   -0.06 (VIOLATED)
_196887_/A                              1.50    1.55   -0.05 (VIOLATED)
_203268_/A                              1.50    1.55   -0.05 (VIOLATED)
_195156_/A                              1.50    1.55   -0.05 (VIOLATED)
_196687_/A                              1.50    1.55   -0.05 (VIOLATED)
_194660_/A                              1.50    1.55   -0.05 (VIOLATED)
_195155_/X                              1.51    1.55   -0.04 (VIOLATED)
_194659_/X                              1.51    1.55   -0.04 (VIOLATED)
_178875_/A                              1.50    1.54   -0.04 (VIOLATED)
_280589_/A                              1.50    1.53   -0.03 (VIOLATED)
_186545_/A                              1.50    1.52   -0.02 (VIOLATED)
_291114_/A                              1.50    1.52   -0.02 (VIOLATED)
_301013_/A                              1.50    1.51   -0.01 (VIOLATED)
_291141_/A                              1.50    1.51   -0.01 (VIOLATED)
_291136_/A                              1.50    1.51   -0.01 (VIOLATED)
_174139_/A                              1.50    1.50   -0.00 (VIOLATED)
_164158_/A                              1.50    1.50   -0.00 (VIOLATED)

max capacitance

Pin                                    Limit     Cap   Slack
------------------------------------------------------------
_193764_/X                              0.20    0.23   -0.03 (VIOLATED)
_193740_/X                              0.20    0.22   -0.02 (VIOLATED)
_193725_/X                              0.20    0.22   -0.02 (VIOLATED)
_193743_/X                              0.20    0.22   -0.02 (VIOLATED)
_193748_/X                              0.20    0.21   -0.01 (VIOLATED)
_247235_/X                              0.20    0.21   -0.01 (VIOLATED)
_162508_/X                              0.20    0.20   -0.01 (VIOLATED)
_193273_/X                              0.20    0.20   -0.00 (VIOLATED)

