Netgen 1.5.158 compiled on Sat Dec  5 19:50:01 UTC 2020
Warning: netgen command 'format' use fully-qualified name '::netgen::format'
Warning: netgen command 'global' use fully-qualified name '::netgen::global'
Generating JSON file result
Reading netlist file /project/openlane/user_proj_example/runs/16-12_10-43/results/magic/user_proj_example.spice
Reading netlist file /project/openlane/user_proj_example/runs/16-12_10-43/results/lvs/user_proj_example.lvs.powered.v
Warning:  A case-insensitive file has been read and so the	verilog file must be treated case-insensitive to match.
Creating placeholder cell definition for module sky130_fd_sc_hd__diode_2.
Creating placeholder cell definition for module sky130_fd_sc_hd__decap_12.
Creating placeholder cell definition for module sky130_fd_sc_hd__decap_6.
Creating placeholder cell definition for module sky130_fd_sc_hd__decap_3.
Creating placeholder cell definition for module sky130_fd_sc_hd__decap_4.
Creating placeholder cell definition for module sky130_fd_sc_hd__fill_1.
Creating placeholder cell definition for module sky130_fd_sc_hd__decap_8.
Creating placeholder cell definition for module sky130_fd_sc_hd__fill_2.
Creating placeholder cell definition for module sky130_fd_sc_hd__tapvpwrvgnd_1.
Creating placeholder cell definition for module sky130_fd_sc_hd__buf_2.
Creating placeholder cell definition for module sky130_fd_sc_hd__inv_2.
Creating placeholder cell definition for module sky130_fd_sc_hd__and2_4.
Creating placeholder cell definition for module sky130_fd_sc_hd__a2bb2o_4.
Creating placeholder cell definition for module sky130_fd_sc_hd__o22a_4.
Creating placeholder cell definition for module sky130_fd_sc_hd__or4_4.
Creating placeholder cell definition for module sky130_fd_sc_hd__or2_4.
Creating placeholder cell definition for module sky130_fd_sc_hd__a21o_4.
Creating placeholder cell definition for module sky130_fd_sc_hd__o21a_4.
Creating placeholder cell definition for module sky130_fd_sc_hd__and4_4.
Creating placeholder cell definition for module sky130_fd_sc_hd__or3_4.
Creating placeholder cell definition for module sky130_fd_sc_hd__a32o_4.
Creating placeholder cell definition for module sky130_fd_sc_hd__a21oi_4.
Creating placeholder cell definition for module sky130_fd_sc_hd__o21ai_4.
Creating placeholder cell definition for module sky130_fd_sc_hd__nor2_4.
Creating placeholder cell definition for module sky130_fd_sc_hd__and3_4.
Creating placeholder cell definition for module sky130_fd_sc_hd__a22oi_4.
Creating placeholder cell definition for module sky130_fd_sc_hd__nand2_4.
Creating placeholder cell definition for module sky130_fd_sc_hd__a211o_4.
Creating placeholder cell definition for module sky130_fd_sc_hd__buf_4.
Creating placeholder cell definition for module sky130_fd_sc_hd__inv_4.
Creating placeholder cell definition for module sky130_fd_sc_hd__a21bo_4.
Creating placeholder cell definition for module sky130_fd_sc_hd__o32a_4.
Creating placeholder cell definition for module sky130_fd_sc_hd__a41o_4.
Creating placeholder cell definition for module sky130_fd_sc_hd__o41a_4.
Creating placeholder cell definition for module sky130_fd_sc_hd__a2111o_4.
Creating placeholder cell definition for module sky130_fd_sc_hd__inv_8.
Creating placeholder cell definition for module sky130_fd_sc_hd__conb_1.
Note:  Implicit pin HI
Note:  Implicit pin HI
Note:  Implicit pin HI
Note:  Implicit pin HI
Note:  Implicit pin HI
Note:  Implicit pin HI
Note:  Implicit pin HI
Note:  Implicit pin HI
Note:  Implicit pin HI
Note:  Implicit pin HI
Note:  Implicit pin HI
Note:  Implicit pin HI
Note:  Implicit pin HI
Note:  Implicit pin HI
Note:  Implicit pin HI
Note:  Implicit pin HI
Note:  Implicit pin HI
Note:  Implicit pin HI
Note:  Implicit pin HI
Note:  Implicit pin HI
Note:  Implicit pin HI
Note:  Implicit pin HI
Note:  Implicit pin HI
Note:  Implicit pin HI
Note:  Implicit pin HI
Note:  Implicit pin HI
Note:  Implicit pin HI
Note:  Implicit pin HI
Note:  Implicit pin HI
Note:  Implicit pin HI
Note:  Implicit pin HI
Note:  Implicit pin HI
Note:  Implicit pin HI
Note:  Implicit pin HI
Note:  Implicit pin HI
Note:  Implicit pin HI
Note:  Implicit pin HI
Note:  Implicit pin HI
Note:  Implicit pin HI
Note:  Implicit pin HI
Note:  Implicit pin HI
Note:  Implicit pin HI
Note:  Implicit pin HI
Note:  Implicit pin HI
Note:  Implicit pin HI
Note:  Implicit pin HI
Note:  Implicit pin HI
Note:  Implicit pin HI
Note:  Implicit pin HI
Note:  Implicit pin HI
Note:  Implicit pin HI
Note:  Implicit pin HI
Note:  Implicit pin HI
Note:  Implicit pin HI
Note:  Implicit pin HI
Note:  Implicit pin HI
Note:  Implicit pin HI
Note:  Implicit pin HI
Note:  Implicit pin HI
Note:  Implicit pin HI
Note:  Implicit pin HI
Note:  Implicit pin HI
Note:  Implicit pin HI
Note:  Implicit pin HI
Note:  Implicit pin HI
Note:  Implicit pin HI
Note:  Implicit pin HI
Note:  Implicit pin HI
Note:  Implicit pin HI
Note:  Implicit pin HI
Note:  Implicit pin HI
Creating placeholder cell definition for module sky130_fd_sc_hd__dfxtp_4.
Creating placeholder cell definition for module sky130_fd_sc_hd__dfrtp_4.
Creating placeholder cell definition for module sky130_fd_sc_hd__dfstp_4.
Creating placeholder cell definition for module sky130_fd_sc_hd__clkbuf_16.
Creating placeholder cell definition for module sky130_fd_sc_hd__clkbuf_1.
Creating placeholder cell definition for module sky130_fd_sc_hd__buf_8.
Reading setup file /mnt/data/workspace/pdk/sky130A/libs.tech/netgen/sky130A_setup.tcl
Comparison output logged to file /project/openlane/user_proj_example/runs/16-12_10-43/results/lvs/user_proj_example.lvs.log
Logging to file "/project/openlane/user_proj_example/runs/16-12_10-43/results/lvs/user_proj_example.lvs.log" enabled
Contents of circuit 1:  Circuit: 'sky130_fd_sc_hd__or2_4'
Circuit sky130_fd_sc_hd__or2_4 contains 0 device instances.
Circuit contains 0 nets, and 7 disconnected pins.
Contents of circuit 2:  Circuit: 'sky130_fd_sc_hd__or2_4'
Circuit sky130_fd_sc_hd__or2_4 contains 0 device instances.
Circuit contains 0 nets.

Circuit sky130_fd_sc_hd__or2_4 contains no devices.
Contents of circuit 1:  Circuit: 'sky130_fd_sc_hd__dfxtp_4'
Circuit sky130_fd_sc_hd__dfxtp_4 contains 0 device instances.
Circuit contains 0 nets, and 7 disconnected pins.
Contents of circuit 2:  Circuit: 'sky130_fd_sc_hd__dfxtp_4'
Circuit sky130_fd_sc_hd__dfxtp_4 contains 0 device instances.
Circuit contains 0 nets.

Circuit sky130_fd_sc_hd__dfxtp_4 contains no devices.
Contents of circuit 1:  Circuit: 'sky130_fd_sc_hd__diode_2'
Circuit sky130_fd_sc_hd__diode_2 contains 0 device instances.
Circuit contains 0 nets, and 5 disconnected pins.
Contents of circuit 2:  Circuit: 'sky130_fd_sc_hd__diode_2'
Circuit sky130_fd_sc_hd__diode_2 contains 0 device instances.
Circuit contains 0 nets.

Circuit sky130_fd_sc_hd__diode_2 contains no devices.
Contents of circuit 1:  Circuit: 'sky130_fd_sc_hd__buf_2'
Circuit sky130_fd_sc_hd__buf_2 contains 0 device instances.
Circuit contains 0 nets, and 6 disconnected pins.
Contents of circuit 2:  Circuit: 'sky130_fd_sc_hd__buf_2'
Circuit sky130_fd_sc_hd__buf_2 contains 0 device instances.
Circuit contains 0 nets.

Circuit sky130_fd_sc_hd__buf_2 contains no devices.
Contents of circuit 1:  Circuit: 'sky130_fd_sc_hd__or3_4'
Circuit sky130_fd_sc_hd__or3_4 contains 0 device instances.
Circuit contains 0 nets, and 8 disconnected pins.
Contents of circuit 2:  Circuit: 'sky130_fd_sc_hd__or3_4'
Circuit sky130_fd_sc_hd__or3_4 contains 0 device instances.
Circuit contains 0 nets.

Circuit sky130_fd_sc_hd__or3_4 contains no devices.
Contents of circuit 1:  Circuit: 'sky130_fd_sc_hd__tapvpwrvgnd_1'
Circuit sky130_fd_sc_hd__tapvpwrvgnd_1 contains 0 device instances.
Circuit contains 0 nets, and 2 disconnected pins.
Contents of circuit 2:  Circuit: 'sky130_fd_sc_hd__tapvpwrvgnd_1'
Circuit sky130_fd_sc_hd__tapvpwrvgnd_1 contains 0 device instances.
Circuit contains 0 nets.

Circuit sky130_fd_sc_hd__tapvpwrvgnd_1 contains no devices.
Contents of circuit 1:  Circuit: 'sky130_fd_sc_hd__and2_4'
Circuit sky130_fd_sc_hd__and2_4 contains 0 device instances.
Circuit contains 0 nets, and 7 disconnected pins.
Contents of circuit 2:  Circuit: 'sky130_fd_sc_hd__and2_4'
Circuit sky130_fd_sc_hd__and2_4 contains 0 device instances.
Circuit contains 0 nets.

Circuit sky130_fd_sc_hd__and2_4 contains no devices.
Contents of circuit 1:  Circuit: 'sky130_fd_sc_hd__and3_4'
Circuit sky130_fd_sc_hd__and3_4 contains 0 device instances.
Circuit contains 0 nets, and 8 disconnected pins.
Contents of circuit 2:  Circuit: 'sky130_fd_sc_hd__and3_4'
Circuit sky130_fd_sc_hd__and3_4 contains 0 device instances.
Circuit contains 0 nets.

Circuit sky130_fd_sc_hd__and3_4 contains no devices.
Contents of circuit 1:  Circuit: 'sky130_fd_sc_hd__inv_2'
Circuit sky130_fd_sc_hd__inv_2 contains 0 device instances.
Circuit contains 0 nets, and 6 disconnected pins.
Contents of circuit 2:  Circuit: 'sky130_fd_sc_hd__inv_2'
Circuit sky130_fd_sc_hd__inv_2 contains 0 device instances.
Circuit contains 0 nets.

Circuit sky130_fd_sc_hd__inv_2 contains no devices.
Contents of circuit 1:  Circuit: 'sky130_fd_sc_hd__a2bb2o_4'
Circuit sky130_fd_sc_hd__a2bb2o_4 contains 0 device instances.
Circuit contains 0 nets, and 9 disconnected pins.
Contents of circuit 2:  Circuit: 'sky130_fd_sc_hd__a2bb2o_4'
Circuit sky130_fd_sc_hd__a2bb2o_4 contains 0 device instances.
Circuit contains 0 nets.

Circuit sky130_fd_sc_hd__a2bb2o_4 contains no devices.
Contents of circuit 1:  Circuit: 'sky130_fd_sc_hd__a32o_4'
Circuit sky130_fd_sc_hd__a32o_4 contains 0 device instances.
Circuit contains 0 nets, and 10 disconnected pins.
Contents of circuit 2:  Circuit: 'sky130_fd_sc_hd__a32o_4'
Circuit sky130_fd_sc_hd__a32o_4 contains 0 device instances.
Circuit contains 0 nets.

Circuit sky130_fd_sc_hd__a32o_4 contains no devices.
Contents of circuit 1:  Circuit: 'sky130_fd_sc_hd__dfrtp_4'
Circuit sky130_fd_sc_hd__dfrtp_4 contains 0 device instances.
Circuit contains 0 nets, and 8 disconnected pins.
Contents of circuit 2:  Circuit: 'sky130_fd_sc_hd__dfrtp_4'
Circuit sky130_fd_sc_hd__dfrtp_4 contains 0 device instances.
Circuit contains 0 nets.

Circuit sky130_fd_sc_hd__dfrtp_4 contains no devices.
Contents of circuit 1:  Circuit: 'sky130_fd_sc_hd__clkbuf_1'
Circuit sky130_fd_sc_hd__clkbuf_1 contains 0 device instances.
Circuit contains 0 nets, and 6 disconnected pins.
Contents of circuit 2:  Circuit: 'sky130_fd_sc_hd__clkbuf_1'
Circuit sky130_fd_sc_hd__clkbuf_1 contains 0 device instances.
Circuit contains 0 nets.

Circuit sky130_fd_sc_hd__clkbuf_1 contains no devices.
Contents of circuit 1:  Circuit: 'sky130_fd_sc_hd__or4_4'
Circuit sky130_fd_sc_hd__or4_4 contains 0 device instances.
Circuit contains 0 nets, and 9 disconnected pins.
Contents of circuit 2:  Circuit: 'sky130_fd_sc_hd__or4_4'
Circuit sky130_fd_sc_hd__or4_4 contains 0 device instances.
Circuit contains 0 nets.

Circuit sky130_fd_sc_hd__or4_4 contains no devices.
Contents of circuit 1:  Circuit: 'sky130_fd_sc_hd__o22a_4'
Circuit sky130_fd_sc_hd__o22a_4 contains 0 device instances.
Circuit contains 0 nets, and 9 disconnected pins.
Contents of circuit 2:  Circuit: 'sky130_fd_sc_hd__o22a_4'
Circuit sky130_fd_sc_hd__o22a_4 contains 0 device instances.
Circuit contains 0 nets.

Circuit sky130_fd_sc_hd__o22a_4 contains no devices.
Contents of circuit 1:  Circuit: 'sky130_fd_sc_hd__nor2_4'
Circuit sky130_fd_sc_hd__nor2_4 contains 0 device instances.
Circuit contains 0 nets, and 7 disconnected pins.
Contents of circuit 2:  Circuit: 'sky130_fd_sc_hd__nor2_4'
Circuit sky130_fd_sc_hd__nor2_4 contains 0 device instances.
Circuit contains 0 nets.

Circuit sky130_fd_sc_hd__nor2_4 contains no devices.
Contents of circuit 1:  Circuit: 'sky130_fd_sc_hd__o21a_4'
Circuit sky130_fd_sc_hd__o21a_4 contains 0 device instances.
Circuit contains 0 nets, and 8 disconnected pins.
Contents of circuit 2:  Circuit: 'sky130_fd_sc_hd__o21a_4'
Circuit sky130_fd_sc_hd__o21a_4 contains 0 device instances.
Circuit contains 0 nets.

Circuit sky130_fd_sc_hd__o21a_4 contains no devices.
Contents of circuit 1:  Circuit: 'sky130_fd_sc_hd__a211o_4'
Circuit sky130_fd_sc_hd__a211o_4 contains 0 device instances.
Circuit contains 0 nets, and 9 disconnected pins.
Contents of circuit 2:  Circuit: 'sky130_fd_sc_hd__a211o_4'
Circuit sky130_fd_sc_hd__a211o_4 contains 0 device instances.
Circuit contains 0 nets.

Circuit sky130_fd_sc_hd__a211o_4 contains no devices.
Contents of circuit 1:  Circuit: 'sky130_fd_sc_hd__a22oi_4'
Circuit sky130_fd_sc_hd__a22oi_4 contains 0 device instances.
Circuit contains 0 nets, and 9 disconnected pins.
Contents of circuit 2:  Circuit: 'sky130_fd_sc_hd__a22oi_4'
Circuit sky130_fd_sc_hd__a22oi_4 contains 0 device instances.
Circuit contains 0 nets.

Circuit sky130_fd_sc_hd__a22oi_4 contains no devices.
Contents of circuit 1:  Circuit: 'sky130_fd_sc_hd__nand2_4'
Circuit sky130_fd_sc_hd__nand2_4 contains 0 device instances.
Circuit contains 0 nets, and 7 disconnected pins.
Contents of circuit 2:  Circuit: 'sky130_fd_sc_hd__nand2_4'
Circuit sky130_fd_sc_hd__nand2_4 contains 0 device instances.
Circuit contains 0 nets.

Circuit sky130_fd_sc_hd__nand2_4 contains no devices.
Contents of circuit 1:  Circuit: 'sky130_fd_sc_hd__o21ai_4'
Circuit sky130_fd_sc_hd__o21ai_4 contains 0 device instances.
Circuit contains 0 nets, and 8 disconnected pins.
Contents of circuit 2:  Circuit: 'sky130_fd_sc_hd__o21ai_4'
Circuit sky130_fd_sc_hd__o21ai_4 contains 0 device instances.
Circuit contains 0 nets.

Circuit sky130_fd_sc_hd__o21ai_4 contains no devices.
Contents of circuit 1:  Circuit: 'sky130_fd_sc_hd__o32a_4'
Circuit sky130_fd_sc_hd__o32a_4 contains 0 device instances.
Circuit contains 0 nets, and 10 disconnected pins.
Contents of circuit 2:  Circuit: 'sky130_fd_sc_hd__o32a_4'
Circuit sky130_fd_sc_hd__o32a_4 contains 0 device instances.
Circuit contains 0 nets.

Circuit sky130_fd_sc_hd__o32a_4 contains no devices.
Contents of circuit 1:  Circuit: 'sky130_fd_sc_hd__a21bo_4'
Circuit sky130_fd_sc_hd__a21bo_4 contains 0 device instances.
Circuit contains 0 nets, and 8 disconnected pins.
Contents of circuit 2:  Circuit: 'sky130_fd_sc_hd__a21bo_4'
Circuit sky130_fd_sc_hd__a21bo_4 contains 0 device instances.
Circuit contains 0 nets.

Circuit sky130_fd_sc_hd__a21bo_4 contains no devices.
Contents of circuit 1:  Circuit: 'sky130_fd_sc_hd__and4_4'
Circuit sky130_fd_sc_hd__and4_4 contains 0 device instances.
Circuit contains 0 nets, and 9 disconnected pins.
Contents of circuit 2:  Circuit: 'sky130_fd_sc_hd__and4_4'
Circuit sky130_fd_sc_hd__and4_4 contains 0 device instances.
Circuit contains 0 nets.

Circuit sky130_fd_sc_hd__and4_4 contains no devices.
Contents of circuit 1:  Circuit: 'sky130_fd_sc_hd__conb_1'
Circuit sky130_fd_sc_hd__conb_1 contains 0 device instances.
Circuit contains 0 nets, and 6 disconnected pins.
Contents of circuit 2:  Circuit: 'sky130_fd_sc_hd__conb_1'
Circuit sky130_fd_sc_hd__conb_1 contains 0 device instances.
Circuit contains 0 nets.

Circuit sky130_fd_sc_hd__conb_1 contains no devices.
Contents of circuit 1:  Circuit: 'sky130_fd_sc_hd__a21o_4'
Circuit sky130_fd_sc_hd__a21o_4 contains 0 device instances.
Circuit contains 0 nets, and 8 disconnected pins.
Contents of circuit 2:  Circuit: 'sky130_fd_sc_hd__a21o_4'
Circuit sky130_fd_sc_hd__a21o_4 contains 0 device instances.
Circuit contains 0 nets.

Circuit sky130_fd_sc_hd__a21o_4 contains no devices.
Contents of circuit 1:  Circuit: 'sky130_fd_sc_hd__a21oi_4'
Circuit sky130_fd_sc_hd__a21oi_4 contains 0 device instances.
Circuit contains 0 nets, and 8 disconnected pins.
Contents of circuit 2:  Circuit: 'sky130_fd_sc_hd__a21oi_4'
Circuit sky130_fd_sc_hd__a21oi_4 contains 0 device instances.
Circuit contains 0 nets.

Circuit sky130_fd_sc_hd__a21oi_4 contains no devices.
Contents of circuit 1:  Circuit: 'sky130_fd_sc_hd__buf_4'
Circuit sky130_fd_sc_hd__buf_4 contains 0 device instances.
Circuit contains 0 nets, and 6 disconnected pins.
Contents of circuit 2:  Circuit: 'sky130_fd_sc_hd__buf_4'
Circuit sky130_fd_sc_hd__buf_4 contains 0 device instances.
Circuit contains 0 nets.

Circuit sky130_fd_sc_hd__buf_4 contains no devices.
Contents of circuit 1:  Circuit: 'sky130_fd_sc_hd__buf_8'
Circuit sky130_fd_sc_hd__buf_8 contains 0 device instances.
Circuit contains 0 nets, and 6 disconnected pins.
Contents of circuit 2:  Circuit: 'sky130_fd_sc_hd__buf_8'
Circuit sky130_fd_sc_hd__buf_8 contains 0 device instances.
Circuit contains 0 nets.

Circuit sky130_fd_sc_hd__buf_8 contains no devices.
Contents of circuit 1:  Circuit: 'sky130_fd_sc_hd__o41a_4'
Circuit sky130_fd_sc_hd__o41a_4 contains 0 device instances.
Circuit contains 0 nets, and 10 disconnected pins.
Contents of circuit 2:  Circuit: 'sky130_fd_sc_hd__o41a_4'
Circuit sky130_fd_sc_hd__o41a_4 contains 0 device instances.
Circuit contains 0 nets.

Circuit sky130_fd_sc_hd__o41a_4 contains no devices.
Contents of circuit 1:  Circuit: 'sky130_fd_sc_hd__clkbuf_16'
Circuit sky130_fd_sc_hd__clkbuf_16 contains 0 device instances.
Circuit contains 0 nets, and 6 disconnected pins.
Contents of circuit 2:  Circuit: 'sky130_fd_sc_hd__clkbuf_16'
Circuit sky130_fd_sc_hd__clkbuf_16 contains 0 device instances.
Circuit contains 0 nets.

Circuit sky130_fd_sc_hd__clkbuf_16 contains no devices.
Contents of circuit 1:  Circuit: 'sky130_fd_sc_hd__inv_8'
Circuit sky130_fd_sc_hd__inv_8 contains 0 device instances.
Circuit contains 0 nets, and 6 disconnected pins.
Contents of circuit 2:  Circuit: 'sky130_fd_sc_hd__inv_8'
Circuit sky130_fd_sc_hd__inv_8 contains 0 device instances.
Circuit contains 0 nets.

Circuit sky130_fd_sc_hd__inv_8 contains no devices.
Contents of circuit 1:  Circuit: 'sky130_fd_sc_hd__a2111o_4'
Circuit sky130_fd_sc_hd__a2111o_4 contains 0 device instances.
Circuit contains 0 nets, and 10 disconnected pins.
Contents of circuit 2:  Circuit: 'sky130_fd_sc_hd__a2111o_4'
Circuit sky130_fd_sc_hd__a2111o_4 contains 0 device instances.
Circuit contains 0 nets.

Circuit sky130_fd_sc_hd__a2111o_4 contains no devices.
Contents of circuit 1:  Circuit: 'sky130_fd_sc_hd__dfstp_4'
Circuit sky130_fd_sc_hd__dfstp_4 contains 0 device instances.
Circuit contains 0 nets, and 8 disconnected pins.
Contents of circuit 2:  Circuit: 'sky130_fd_sc_hd__dfstp_4'
Circuit sky130_fd_sc_hd__dfstp_4 contains 0 device instances.
Circuit contains 0 nets.

Circuit sky130_fd_sc_hd__dfstp_4 contains no devices.
Contents of circuit 1:  Circuit: 'sky130_fd_sc_hd__inv_4'
Circuit sky130_fd_sc_hd__inv_4 contains 0 device instances.
Circuit contains 0 nets, and 6 disconnected pins.
Contents of circuit 2:  Circuit: 'sky130_fd_sc_hd__inv_4'
Circuit sky130_fd_sc_hd__inv_4 contains 0 device instances.
Circuit contains 0 nets.

Circuit sky130_fd_sc_hd__inv_4 contains no devices.
Contents of circuit 1:  Circuit: 'sky130_fd_sc_hd__a41o_4'
Circuit sky130_fd_sc_hd__a41o_4 contains 0 device instances.
Circuit contains 0 nets, and 10 disconnected pins.
Contents of circuit 2:  Circuit: 'sky130_fd_sc_hd__a41o_4'
Circuit sky130_fd_sc_hd__a41o_4 contains 0 device instances.
Circuit contains 0 nets.

Circuit sky130_fd_sc_hd__a41o_4 contains no devices.
Contents of circuit 1:  Circuit: 'user_proj_example'
Circuit user_proj_example contains 418458 device instances.
  Class: sky130_fd_sc_hd__a41o_4 instances:   2
  Class: sky130_fd_sc_hd__a21o_4 instances: 203
  Class: sky130_fd_sc_hd__clkbuf_16 instances:  28
  Class: sky130_fd_sc_hd__dfxtp_4 instances: 26132
  Class: sky130_fd_sc_hd__or4_4 instances: 1116
  Class: sky130_fd_sc_hd__buf_2 instances: 35952
  Class: sky130_fd_sc_hd__buf_4 instances: 167
  Class: sky130_fd_sc_hd__buf_8 instances: 102
  Class: sky130_fd_sc_hd__a2bb2o_4 instances: 24546
  Class: sky130_fd_sc_hd__dfstp_4 instances:  18
  Class: sky130_fd_sc_hd__dfrtp_4 instances: 626
  Class: sky130_fd_sc_hd__and4_4 instances: 265
  Class: sky130_fd_sc_hd__inv_2 instances: 25672
  Class: sky130_fd_sc_hd__inv_4 instances:   2
  Class: sky130_fd_sc_hd__inv_8 instances:   5
  Class: sky130_fd_sc_hd__clkbuf_1 instances: 4278
  Class: sky130_fd_sc_hd__or3_4 instances: 8866
  Class: sky130_fd_sc_hd__conb_1 instances:  77
  Class: sky130_fd_sc_hd__a21bo_4 instances:  68
  Class: sky130_fd_sc_hd__and3_4 instances: 18762
  Class: sky130_fd_sc_hd__a2111o_4 instances:  35
  Class: sky130_fd_sc_hd__or2_4 instances: 30981
  Class: sky130_fd_sc_hd__nand2_4 instances: 558
  Class: sky130_fd_sc_hd__and2_4 instances: 2003
  Class: sky130_fd_sc_hd__o32a_4 instances: 231
  Class: sky130_fd_sc_hd__o22a_4 instances: 2992
  Class: sky130_fd_sc_hd__diode_2 instances: 126422
  Class: sky130_fd_sc_hd__a211o_4 instances: 1593
  Class: sky130_fd_sc_hd__a32o_4 instances: 1198
  Class: sky130_fd_sc_hd__o41a_4 instances:   6
  Class: sky130_fd_sc_hd__o21a_4 instances: 1178
  Class: sky130_fd_sc_hd__a22oi_4 instances: 163
  Class: sky130_fd_sc_hd__tapvpwrvgnd_1 instances: 100264
  Class: sky130_fd_sc_hd__o21ai_4 instances: 305
  Class: sky130_fd_sc_hd__a21oi_4 instances: 173
  Class: sky130_fd_sc_hd__nor2_4 instances: 3469
Circuit contains 191960 nets, and 258 disconnected pins.
Contents of circuit 2:  Circuit: 'user_proj_example'
Circuit user_proj_example contains 418458 device instances.
  Class: sky130_fd_sc_hd__a41o_4 instances:   2
  Class: sky130_fd_sc_hd__a21o_4 instances: 203
  Class: sky130_fd_sc_hd__clkbuf_16 instances:  28
  Class: sky130_fd_sc_hd__dfxtp_4 instances: 26132
  Class: sky130_fd_sc_hd__or4_4 instances: 1116
  Class: sky130_fd_sc_hd__buf_2 instances: 35952
  Class: sky130_fd_sc_hd__buf_4 instances: 167
  Class: sky130_fd_sc_hd__buf_8 instances: 102
  Class: sky130_fd_sc_hd__a2bb2o_4 instances: 24546
  Class: sky130_fd_sc_hd__dfstp_4 instances:  18
  Class: sky130_fd_sc_hd__dfrtp_4 instances: 626
  Class: sky130_fd_sc_hd__and4_4 instances: 265
  Class: sky130_fd_sc_hd__inv_2 instances: 25672
  Class: sky130_fd_sc_hd__inv_4 instances:   2
  Class: sky130_fd_sc_hd__inv_8 instances:   5
  Class: sky130_fd_sc_hd__clkbuf_1 instances: 4278
  Class: sky130_fd_sc_hd__or3_4 instances: 8866
  Class: sky130_fd_sc_hd__conb_1 instances:  77
  Class: sky130_fd_sc_hd__a21bo_4 instances:  68
  Class: sky130_fd_sc_hd__and3_4 instances: 18762
  Class: sky130_fd_sc_hd__a2111o_4 instances:  35
  Class: sky130_fd_sc_hd__or2_4 instances: 30981
  Class: sky130_fd_sc_hd__nand2_4 instances: 558
  Class: sky130_fd_sc_hd__and2_4 instances: 2003
  Class: sky130_fd_sc_hd__o32a_4 instances: 231
  Class: sky130_fd_sc_hd__o22a_4 instances: 2992
  Class: sky130_fd_sc_hd__diode_2 instances: 126422
  Class: sky130_fd_sc_hd__a211o_4 instances: 1593
  Class: sky130_fd_sc_hd__a32o_4 instances: 1198
  Class: sky130_fd_sc_hd__o41a_4 instances:   6
  Class: sky130_fd_sc_hd__o21a_4 instances: 1178
  Class: sky130_fd_sc_hd__a22oi_4 instances: 163
  Class: sky130_fd_sc_hd__tapvpwrvgnd_1 instances: 100264
  Class: sky130_fd_sc_hd__o21ai_4 instances: 305
  Class: sky130_fd_sc_hd__a21oi_4 instances: 173
  Class: sky130_fd_sc_hd__nor2_4 instances: 3469
Circuit contains 191884 nets, and 328 disconnected pins.

Circuit 1 contains 418458 devices, Circuit 2 contains 418458 devices.
Circuit 1 contains 191884 nets,    Circuit 2 contains 191884 nets.

Circuits match with 24127 symmetries.
Resolving automorphisms by property value.
Resolving automorphisms by pin name.
Netlists match with 24127 symmetries.
Circuits match correctly.
Result: The top level cell failed pin matching.

Logging to file "/project/openlane/user_proj_example/runs/16-12_10-43/results/lvs/user_proj_example.lvs.log" disabled
LVS Done.
