FULL RUN LOG:
SPDX NON-COMPLIANT FILES
/mnt/data/workspace/caravel-softshell/README.md
/mnt/data/workspace/caravel-softshell/openlane/chip_dimensions.txt
/mnt/data/workspace/caravel-softshell/openlane/user_proj_example/interactive.tcl
/mnt/data/workspace/caravel-softshell/openlane/user_proj_example/runs/16-12_10-43/config.tcl
/mnt/data/workspace/caravel-softshell/openlane/user_proj_example/runs/16-12_10-43/results/magic/sky130_fd_sc_hd__a32o_4.ext
/mnt/data/workspace/caravel-softshell/openlane/user_proj_example/runs/16-12_10-43/results/magic/sky130_fd_sc_hd__decap_4.ext
/mnt/data/workspace/caravel-softshell/openlane/user_proj_example/runs/16-12_10-43/results/magic/sky130_fd_sc_hd__decap_12.ext
/mnt/data/workspace/caravel-softshell/openlane/user_proj_example/runs/16-12_10-43/results/magic/sky130_fd_sc_hd__buf_8.ext
/mnt/data/workspace/caravel-softshell/openlane/user_proj_example/runs/16-12_10-43/results/magic/sky130_fd_sc_hd__buf_4.ext
/mnt/data/workspace/caravel-softshell/openlane/user_proj_example/runs/16-12_10-43/results/magic/sky130_fd_sc_hd__a2111o_4.ext
/mnt/data/workspace/caravel-softshell/openlane/user_proj_example/runs/16-12_10-43/results/magic/sky130_fd_sc_hd__fill_2.ext
/mnt/data/workspace/caravel-softshell/openlane/user_proj_example/runs/16-12_10-43/results/magic/sky130_fd_sc_hd__and2_4.ext
/mnt/data/workspace/caravel-softshell/openlane/user_proj_example/runs/16-12_10-43/results/magic/sky130_fd_sc_hd__diode_2.ext
/mnt/data/workspace/caravel-softshell/openlane/user_proj_example/runs/16-12_10-43/results/magic/sky130_fd_sc_hd__and4_4.ext
/mnt/data/workspace/caravel-softshell/openlane/user_proj_example/runs/16-12_10-43/results/magic/sky130_fd_sc_hd__a21o_4.ext
/mnt/data/workspace/caravel-softshell/openlane/user_proj_example/runs/16-12_10-43/results/magic/sky130_fd_sc_hd__decap_6.ext
/mnt/data/workspace/caravel-softshell/openlane/user_proj_example/runs/16-12_10-43/results/magic/sky130_fd_sc_hd__decap_3.ext
/mnt/data/workspace/caravel-softshell/openlane/user_proj_example/runs/16-12_10-43/results/magic/sky130_fd_sc_hd__dfxtp_4.ext
/mnt/data/workspace/caravel-softshell/openlane/user_proj_example/runs/16-12_10-43/results/magic/sky130_fd_sc_hd__nor2_4.ext
/mnt/data/workspace/caravel-softshell/openlane/user_proj_example/runs/16-12_10-43/results/magic/sky130_fd_sc_hd__buf_2.ext
/mnt/data/workspace/caravel-softshell/openlane/user_proj_example/runs/16-12_10-43/results/magic/sky130_fd_sc_hd__a211o_4.ext
/mnt/data/workspace/caravel-softshell/openlane/user_proj_example/runs/16-12_10-43/results/magic/.magicrc
/mnt/data/workspace/caravel-softshell/openlane/user_proj_example/runs/16-12_10-43/results/magic/sky130_fd_sc_hd__conb_1.ext
/mnt/data/workspace/caravel-softshell/openlane/user_proj_example/runs/16-12_10-43/results/magic/sky130_fd_sc_hd__o21ai_4.ext
/mnt/data/workspace/caravel-softshell/openlane/user_proj_example/runs/16-12_10-43/results/magic/sky130_fd_sc_hd__nand2_4.ext
/mnt/data/workspace/caravel-softshell/openlane/user_proj_example/runs/16-12_10-43/results/magic/user_proj_example.ext
/mnt/data/workspace/caravel-softshell/openlane/user_proj_example/runs/16-12_10-43/results/magic/user_proj_example.spice
/mnt/data/workspace/caravel-softshell/openlane/user_proj_example/runs/16-12_10-43/results/magic/sky130_fd_sc_hd__clkbuf_1.ext
/mnt/data/workspace/caravel-softshell/openlane/user_proj_example/runs/16-12_10-43/results/magic/sky130_fd_sc_hd__a21oi_4.ext
/mnt/data/workspace/caravel-softshell/openlane/user_proj_example/runs/16-12_10-43/results/magic/sky130_fd_sc_hd__a2bb2o_4.ext
/mnt/data/workspace/caravel-softshell/openlane/user_proj_example/runs/16-12_10-43/results/magic/sky130_fd_sc_hd__or4_4.ext
/mnt/data/workspace/caravel-softshell/openlane/user_proj_example/runs/16-12_10-43/results/magic/sky130_fd_sc_hd__a22oi_4.ext
/mnt/data/workspace/caravel-softshell/openlane/user_proj_example/runs/16-12_10-43/results/magic/sky130_fd_sc_hd__inv_8.ext
/mnt/data/workspace/caravel-softshell/openlane/user_proj_example/runs/16-12_10-43/results/magic/sky130_fd_sc_hd__a41o_4.ext
/mnt/data/workspace/caravel-softshell/openlane/user_proj_example/runs/16-12_10-43/results/magic/sky130_fd_sc_hd__dfstp_4.ext
/mnt/data/workspace/caravel-softshell/openlane/user_proj_example/runs/16-12_10-43/results/magic/sky130_fd_sc_hd__o22a_4.ext
/mnt/data/workspace/caravel-softshell/openlane/user_proj_example/runs/16-12_10-43/results/magic/sky130_fd_sc_hd__inv_2.ext
/mnt/data/workspace/caravel-softshell/openlane/user_proj_example/runs/16-12_10-43/results/magic/sky130_fd_sc_hd__dfrtp_4.ext
/mnt/data/workspace/caravel-softshell/openlane/user_proj_example/runs/16-12_10-43/results/magic/sky130_fd_sc_hd__inv_4.ext
/mnt/data/workspace/caravel-softshell/openlane/user_proj_example/runs/16-12_10-43/results/magic/sky130_fd_sc_hd__and3_4.ext
/mnt/data/workspace/caravel-softshell/openlane/user_proj_example/runs/16-12_10-43/results/magic/sky130_fd_sc_hd__fill_1.ext
/mnt/data/workspace/caravel-softshell/openlane/user_proj_example/runs/16-12_10-43/results/magic/sky130_fd_sc_hd__or2_4.ext
/mnt/data/workspace/caravel-softshell/openlane/user_proj_example/runs/16-12_10-43/results/magic/sky130_fd_sc_hd__o21a_4.ext
/mnt/data/workspace/caravel-softshell/openlane/user_proj_example/runs/16-12_10-43/results/magic/sky130_fd_sc_hd__clkbuf_16.ext
/mnt/data/workspace/caravel-softshell/openlane/user_proj_example/runs/16-12_10-43/results/magic/sky130_fd_sc_hd__o41a_4.ext
/mnt/data/workspace/caravel-softshell/openlane/user_proj_example/runs/16-12_10-43/results/magic/sky130_fd_sc_hd__decap_8.ext
/mnt/data/workspace/caravel-softshell/openlane/user_proj_example/runs/16-12_10-43/results/magic/sky130_fd_sc_hd__tapvpwrvgnd_1.ext
/mnt/data/workspace/caravel-softshell/openlane/user_proj_example/runs/16-12_10-43/results/magic/sky130_fd_sc_hd__o32a_4.ext
/mnt/data/workspace/caravel-softshell/openlane/user_proj_example/runs/16-12_10-43/results/magic/sky130_fd_sc_hd__or3_4.ext
/mnt/data/workspace/caravel-softshell/openlane/user_proj_example/runs/16-12_10-43/results/magic/sky130_fd_sc_hd__a21bo_4.ext
/mnt/data/workspace/caravel-softshell/openlane/user_proj_example/runs/16-12_10-43/results/synthesis/user_proj_example.synthesis_preroute.v
/mnt/data/workspace/caravel-softshell/openlane/user_proj_example/runs/16-12_10-43/results/synthesis/user_proj_example.synthesis_optimized.v
/mnt/data/workspace/caravel-softshell/openlane/user_proj_example/runs/16-12_10-43/results/synthesis/user_proj_example.synthesis.ve
/mnt/data/workspace/caravel-softshell/openlane/user_proj_example/runs/16-12_10-43/results/synthesis/user_proj_example.synthesis.v
/mnt/data/workspace/caravel-softshell/openlane/user_proj_example/runs/16-12_10-43/results/synthesis/user_proj_example.synthesis_cts.v
/mnt/data/workspace/caravel-softshell/openlane/user_proj_example/runs/16-12_10-43/results/routing/user_proj_example.def.ref
/mnt/data/workspace/caravel-softshell/openlane/user_proj_example/runs/16-12_10-43/results/routing/user_proj_example.spef
/mnt/data/workspace/caravel-softshell/openlane/user_proj_example/runs/16-12_10-43/results/lvs/user_proj_example.lvs.json
/mnt/data/workspace/caravel-softshell/openlane/user_proj_example/runs/16-12_10-43/results/lvs/user_proj_example.lvs.powered.v
/mnt/data/workspace/caravel-softshell/openlane/user_proj_example/runs/16-12_10-43/logs/magic/magic_ext2spice.antenna.feedback.txt
/mnt/data/workspace/caravel-softshell/openlane/user_proj_example/runs/16-12_10-43/logs/synthesis/yosys_runtime.txt
/mnt/data/workspace/caravel-softshell/openlane/user_proj_example/runs/16-12_10-43/logs/placement/opendp_runtime.txt
/mnt/data/workspace/caravel-softshell/openlane/user_proj_example/runs/16-12_10-43/logs/placement/openphysyn_runtime.txt
/mnt/data/workspace/caravel-softshell/openlane/user_proj_example/runs/16-12_10-43/logs/placement/replace_runtime.txt
/mnt/data/workspace/caravel-softshell/openlane/user_proj_example/runs/16-12_10-43/logs/routing/addspacers_runtime.txt
/mnt/data/workspace/caravel-softshell/openlane/user_proj_example/runs/16-12_10-43/logs/routing/fastroute_runtime.txt
/mnt/data/workspace/caravel-softshell/openlane/user_proj_example/runs/16-12_10-43/logs/routing/tritonRoute_runtime.txt
/mnt/data/workspace/caravel-softshell/openlane/user_proj_example/runs/16-12_10-43/logs/cts/cts_runtime.txt
/mnt/data/workspace/caravel-softshell/openlane/user_proj_example/runs/16-12_10-43/logs/floorplan/pdn_runtime.txt
/mnt/data/workspace/caravel-softshell/openlane/user_proj_example/runs/16-12_10-43/logs/floorplan/tapcell_runtime.txt
/mnt/data/workspace/caravel-softshell/openlane/user_proj_example/runs/16-12_10-43/logs/floorplan/verilog2def_openroad_runtime.txt
/mnt/data/workspace/caravel-softshell/openlane/user_proj_example/runs/16-12_10-43/tmp/opt.lib
/mnt/data/workspace/caravel-softshell/openlane/user_proj_example/runs/16-12_10-43/tmp/magic_antenna.tcl
/mnt/data/workspace/caravel-softshell/openlane/user_proj_example/runs/16-12_10-43/tmp/magic_spice.tcl
/mnt/data/workspace/caravel-softshell/openlane/user_proj_example/runs/16-12_10-43/tmp/trimmed.lib
/mnt/data/workspace/caravel-softshell/openlane/user_proj_example/runs/16-12_10-43/tmp/tracks_copy.info
/mnt/data/workspace/caravel-softshell/openlane/user_proj_example/runs/16-12_10-43/tmp/magic/sky130_fd_sc_hd__a32o_4.ext
/mnt/data/workspace/caravel-softshell/openlane/user_proj_example/runs/16-12_10-43/tmp/magic/sky130_fd_sc_hd__decap_4.ext
/mnt/data/workspace/caravel-softshell/openlane/user_proj_example/runs/16-12_10-43/tmp/magic/sky130_fd_sc_hd__decap_12.ext
/mnt/data/workspace/caravel-softshell/openlane/user_proj_example/runs/16-12_10-43/tmp/magic/sky130_fd_sc_hd__buf_8.ext
/mnt/data/workspace/caravel-softshell/openlane/user_proj_example/runs/16-12_10-43/tmp/magic/sky130_fd_sc_hd__buf_4.ext
/mnt/data/workspace/caravel-softshell/openlane/user_proj_example/runs/16-12_10-43/tmp/magic/sky130_fd_sc_hd__a2111o_4.ext
/mnt/data/workspace/caravel-softshell/openlane/user_proj_example/runs/16-12_10-43/tmp/magic/sky130_fd_sc_hd__fill_2.ext
/mnt/data/workspace/caravel-softshell/openlane/user_proj_example/runs/16-12_10-43/tmp/magic/sky130_fd_sc_hd__and2_4.ext
/mnt/data/workspace/caravel-softshell/openlane/user_proj_example/runs/16-12_10-43/tmp/magic/sky130_fd_sc_hd__diode_2.ext
/mnt/data/workspace/caravel-softshell/openlane/user_proj_example/runs/16-12_10-43/tmp/magic/sky130_fd_sc_hd__and4_4.ext
/mnt/data/workspace/caravel-softshell/openlane/user_proj_example/runs/16-12_10-43/tmp/magic/sky130_fd_sc_hd__a21o_4.ext
/mnt/data/workspace/caravel-softshell/openlane/user_proj_example/runs/16-12_10-43/tmp/magic/sky130_fd_sc_hd__decap_6.ext
/mnt/data/workspace/caravel-softshell/openlane/user_proj_example/runs/16-12_10-43/tmp/magic/sky130_fd_sc_hd__decap_3.ext
/mnt/data/workspace/caravel-softshell/openlane/user_proj_example/runs/16-12_10-43/tmp/magic/sky130_fd_sc_hd__dfxtp_4.ext
/mnt/data/workspace/caravel-softshell/openlane/user_proj_example/runs/16-12_10-43/tmp/magic/sky130_fd_sc_hd__nor2_4.ext
/mnt/data/workspace/caravel-softshell/openlane/user_proj_example/runs/16-12_10-43/tmp/magic/sky130_fd_sc_hd__buf_2.ext
/mnt/data/workspace/caravel-softshell/openlane/user_proj_example/runs/16-12_10-43/tmp/magic/sky130_fd_sc_hd__a211o_4.ext
/mnt/data/workspace/caravel-softshell/openlane/user_proj_example/runs/16-12_10-43/tmp/magic/sky130_fd_sc_hd__conb_1.ext
/mnt/data/workspace/caravel-softshell/openlane/user_proj_example/runs/16-12_10-43/tmp/magic/sky130_fd_sc_hd__o21ai_4.ext
/mnt/data/workspace/caravel-softshell/openlane/user_proj_example/runs/16-12_10-43/tmp/magic/sky130_fd_sc_hd__nand2_4.ext
/mnt/data/workspace/caravel-softshell/openlane/user_proj_example/runs/16-12_10-43/tmp/magic/user_proj_example.ext
/mnt/data/workspace/caravel-softshell/openlane/user_proj_example/runs/16-12_10-43/tmp/magic/sky130_fd_sc_hd__clkbuf_1.ext
/mnt/data/workspace/caravel-softshell/openlane/user_proj_example/runs/16-12_10-43/tmp/magic/sky130_fd_sc_hd__a21oi_4.ext
/mnt/data/workspace/caravel-softshell/openlane/user_proj_example/runs/16-12_10-43/tmp/magic/sky130_fd_sc_hd__a2bb2o_4.ext
/mnt/data/workspace/caravel-softshell/openlane/user_proj_example/runs/16-12_10-43/tmp/magic/sky130_fd_sc_hd__or4_4.ext
/mnt/data/workspace/caravel-softshell/openlane/user_proj_example/runs/16-12_10-43/tmp/magic/sky130_fd_sc_hd__a22oi_4.ext
/mnt/data/workspace/caravel-softshell/openlane/user_proj_example/runs/16-12_10-43/tmp/magic/sky130_fd_sc_hd__inv_8.ext
/mnt/data/workspace/caravel-softshell/openlane/user_proj_example/runs/16-12_10-43/tmp/magic/sky130_fd_sc_hd__a41o_4.ext
/mnt/data/workspace/caravel-softshell/openlane/user_proj_example/runs/16-12_10-43/tmp/magic/sky130_fd_sc_hd__dfstp_4.ext
/mnt/data/workspace/caravel-softshell/openlane/user_proj_example/runs/16-12_10-43/tmp/magic/sky130_fd_sc_hd__o22a_4.ext
/mnt/data/workspace/caravel-softshell/openlane/user_proj_example/runs/16-12_10-43/tmp/magic/sky130_fd_sc_hd__inv_2.ext
/mnt/data/workspace/caravel-softshell/openlane/user_proj_example/runs/16-12_10-43/tmp/magic/sky130_fd_sc_hd__dfrtp_4.ext
/mnt/data/workspace/caravel-softshell/openlane/user_proj_example/runs/16-12_10-43/tmp/magic/sky130_fd_sc_hd__inv_4.ext
/mnt/data/workspace/caravel-softshell/openlane/user_proj_example/runs/16-12_10-43/tmp/magic/sky130_fd_sc_hd__and3_4.ext
/mnt/data/workspace/caravel-softshell/openlane/user_proj_example/runs/16-12_10-43/tmp/magic/sky130_fd_sc_hd__fill_1.ext
/mnt/data/workspace/caravel-softshell/openlane/user_proj_example/runs/16-12_10-43/tmp/magic/sky130_fd_sc_hd__or2_4.ext
/mnt/data/workspace/caravel-softshell/openlane/user_proj_example/runs/16-12_10-43/tmp/magic/sky130_fd_sc_hd__o21a_4.ext
/mnt/data/workspace/caravel-softshell/openlane/user_proj_example/runs/16-12_10-43/tmp/magic/sky130_fd_sc_hd__clkbuf_16.ext
/mnt/data/workspace/caravel-softshell/openlane/user_proj_example/runs/16-12_10-43/tmp/magic/sky130_fd_sc_hd__o41a_4.ext
/mnt/data/workspace/caravel-softshell/openlane/user_proj_example/runs/16-12_10-43/tmp/magic/sky130_fd_sc_hd__decap_8.ext
/mnt/data/workspace/caravel-softshell/openlane/user_proj_example/runs/16-12_10-43/tmp/magic/sky130_fd_sc_hd__tapvpwrvgnd_1.ext
/mnt/data/workspace/caravel-softshell/openlane/user_proj_example/runs/16-12_10-43/tmp/magic/sky130_fd_sc_hd__o32a_4.ext
/mnt/data/workspace/caravel-softshell/openlane/user_proj_example/runs/16-12_10-43/tmp/magic/sky130_fd_sc_hd__or3_4.ext
/mnt/data/workspace/caravel-softshell/openlane/user_proj_example/runs/16-12_10-43/tmp/magic/sky130_fd_sc_hd__a21bo_4.ext
/mnt/data/workspace/caravel-softshell/openlane/user_proj_example/runs/16-12_10-43/tmp/synthesis/yosys.sdc
/mnt/data/workspace/caravel-softshell/openlane/user_proj_example/runs/16-12_10-43/tmp/synthesis/hierarchy.dot
/mnt/data/workspace/caravel-softshell/openlane/user_proj_example/runs/16-12_10-43/tmp/routing/tritonRoute.guide
/mnt/data/workspace/caravel-softshell/openlane/user_proj_example/runs/16-12_10-43/tmp/routing/fastroute.guide
/mnt/data/workspace/caravel-softshell/openlane/user_proj_example/runs/16-12_10-43/tmp/routing/tritonRoute.param
/mnt/data/workspace/caravel-softshell/openlane/user_proj_example/runs/16-12_10-43/reports/runtime.txt
/mnt/data/workspace/caravel-softshell/openlane/user_proj_example/runs/16-12_10-43/reports/magic/magic.antenna_violators.rpt
/mnt/data/workspace/caravel-softshell/openlane/user_proj_example/runs/16-12_10-43/reports/synthesis/opensta.timing.rpt
/mnt/data/workspace/caravel-softshell/openlane/user_proj_example/runs/16-12_10-43/reports/synthesis/opensta_wns.rpt
/mnt/data/workspace/caravel-softshell/openlane/user_proj_example/runs/16-12_10-43/reports/synthesis/opensta_spef.min_max.rpt
/mnt/data/workspace/caravel-softshell/openlane/user_proj_example/runs/16-12_10-43/reports/synthesis/opensta_post_openphysyn.rpt
/mnt/data/workspace/caravel-softshell/openlane/user_proj_example/runs/16-12_10-43/reports/synthesis/opensta_post_openphysyn.timing.rpt
/mnt/data/workspace/caravel-softshell/openlane/user_proj_example/runs/16-12_10-43/reports/synthesis/opensta_post_openphysyn.min_max.rpt
/mnt/data/workspace/caravel-softshell/openlane/user_proj_example/runs/16-12_10-43/reports/synthesis/opensta_post_openphysyn_wns.rpt
/mnt/data/workspace/caravel-softshell/openlane/user_proj_example/runs/16-12_10-43/reports/synthesis/yosys_pre.stat
/mnt/data/workspace/caravel-softshell/openlane/user_proj_example/runs/16-12_10-43/reports/synthesis/yosys_2.stat.rpt
/mnt/data/workspace/caravel-softshell/openlane/user_proj_example/runs/16-12_10-43/reports/synthesis/opensta.min_max.rpt
/mnt/data/workspace/caravel-softshell/openlane/user_proj_example/runs/16-12_10-43/reports/synthesis/opensta_spef.timing.rpt
/mnt/data/workspace/caravel-softshell/openlane/user_proj_example/runs/16-12_10-43/reports/synthesis/opensta_tns.rpt
/mnt/data/workspace/caravel-softshell/openlane/user_proj_example/runs/16-12_10-43/reports/synthesis/yosys_2.chk.rpt
/mnt/data/workspace/caravel-softshell/openlane/user_proj_example/runs/16-12_10-43/reports/synthesis/yosys_dff.stat
/mnt/data/workspace/caravel-softshell/openlane/user_proj_example/runs/16-12_10-43/reports/synthesis/opensta_spef_wns.rpt
/mnt/data/workspace/caravel-softshell/openlane/user_proj_example/runs/16-12_10-43/reports/synthesis/opensta_spef_tns.rpt
/mnt/data/workspace/caravel-softshell/openlane/user_proj_example/runs/16-12_10-43/reports/synthesis/opensta_post_openphysyn_tns.rpt
/mnt/data/workspace/caravel-softshell/openlane/user_proj_example/runs/16-12_10-43/reports/synthesis/opensta_spef.rpt
/mnt/data/workspace/caravel-softshell/openlane/user_proj_example/runs/16-12_10-43/reports/synthesis/opensta.rpt
/mnt/data/workspace/caravel-softshell/openlane/user_proj_example/runs/16-12_10-43/reports/placement/openphysyn_wns.rpt
/mnt/data/workspace/caravel-softshell/openlane/user_proj_example/runs/16-12_10-43/reports/placement/replace.min_max.rpt
/mnt/data/workspace/caravel-softshell/openlane/user_proj_example/runs/16-12_10-43/reports/placement/openphysyn_tns.rpt
/mnt/data/workspace/caravel-softshell/openlane/user_proj_example/runs/16-12_10-43/reports/placement/replace_wns.rpt
/mnt/data/workspace/caravel-softshell/openlane/user_proj_example/runs/16-12_10-43/reports/placement/replace.rpt
/mnt/data/workspace/caravel-softshell/openlane/user_proj_example/runs/16-12_10-43/reports/placement/replace_tns.rpt
/mnt/data/workspace/caravel-softshell/openlane/user_proj_example/runs/16-12_10-43/reports/placement/replace.timing.rpt
/mnt/data/workspace/caravel-softshell/openlane/user_proj_example/runs/16-12_10-43/reports/placement/openphysyn_allchecks.rpt
/mnt/data/workspace/caravel-softshell/openlane/user_proj_example/runs/16-12_10-43/reports/placement/openphysyn_violators.rpt
/mnt/data/workspace/caravel-softshell/openlane/user_proj_example/runs/16-12_10-43/reports/routing/fastroute_tns.rpt
/mnt/data/workspace/caravel-softshell/openlane/user_proj_example/runs/16-12_10-43/reports/routing/antenna.rpt
/mnt/data/workspace/caravel-softshell/openlane/user_proj_example/runs/16-12_10-43/reports/routing/tritonRoute.klayout.xml
/mnt/data/workspace/caravel-softshell/openlane/user_proj_example/runs/16-12_10-43/reports/routing/fastroute_wns.rpt
/mnt/data/workspace/caravel-softshell/openlane/user_proj_example/runs/16-12_10-43/reports/routing/fastroute.rpt
/mnt/data/workspace/caravel-softshell/openlane/user_proj_example/runs/16-12_10-43/reports/routing/fastroute.min_max.rpt
/mnt/data/workspace/caravel-softshell/openlane/user_proj_example/runs/16-12_10-43/reports/routing/fastroute.timing.rpt
/mnt/data/workspace/caravel-softshell/openlane/user_proj_example/runs/16-12_10-43/reports/floorplan/verilog2def.die_area.rpt
/mnt/data/workspace/caravel-softshell/openlane/user_proj_example/runs/16-12_10-43/reports/floorplan/verilog2def.core_area.rpt
/mnt/data/workspace/caravel-softshell/openlane/user_proj_example/results/config.tcl
/mnt/data/workspace/caravel-softshell/openlane/user_proj_example/results/logs/magic/magic_ext2spice.antenna.feedback.txt
/mnt/data/workspace/caravel-softshell/openlane/user_proj_example/results/logs/synthesis/yosys_runtime.txt
/mnt/data/workspace/caravel-softshell/openlane/user_proj_example/results/logs/placement/opendp_runtime.txt
/mnt/data/workspace/caravel-softshell/openlane/user_proj_example/results/logs/placement/openphysyn_runtime.txt
/mnt/data/workspace/caravel-softshell/openlane/user_proj_example/results/logs/placement/replace_runtime.txt
/mnt/data/workspace/caravel-softshell/openlane/user_proj_example/results/logs/routing/addspacers_runtime.txt
/mnt/data/workspace/caravel-softshell/openlane/user_proj_example/results/logs/routing/fastroute_runtime.txt
/mnt/data/workspace/caravel-softshell/openlane/user_proj_example/results/logs/routing/tritonRoute_runtime.txt
/mnt/data/workspace/caravel-softshell/openlane/user_proj_example/results/logs/cts/cts_runtime.txt
/mnt/data/workspace/caravel-softshell/openlane/user_proj_example/results/logs/floorplan/pdn_runtime.txt
/mnt/data/workspace/caravel-softshell/openlane/user_proj_example/results/logs/floorplan/tapcell_runtime.txt
/mnt/data/workspace/caravel-softshell/openlane/user_proj_example/results/logs/floorplan/verilog2def_openroad_runtime.txt
/mnt/data/workspace/caravel-softshell/openlane/user_proj_example/results/tmp/magic_antenna.tcl
/mnt/data/workspace/caravel-softshell/openlane/user_proj_example/results/tmp/magic_spice.tcl
/mnt/data/workspace/caravel-softshell/openlane/user_proj_example/results/reports/runtime.txt
/mnt/data/workspace/caravel-softshell/openlane/user_proj_example/results/reports/magic/magic.antenna_violators.rpt
/mnt/data/workspace/caravel-softshell/openlane/user_proj_example/results/reports/synthesis/opensta.timing.rpt
/mnt/data/workspace/caravel-softshell/openlane/user_proj_example/results/reports/synthesis/opensta_wns.rpt
/mnt/data/workspace/caravel-softshell/openlane/user_proj_example/results/reports/synthesis/opensta_spef.min_max.rpt
/mnt/data/workspace/caravel-softshell/openlane/user_proj_example/results/reports/synthesis/opensta_post_openphysyn.rpt
/mnt/data/workspace/caravel-softshell/openlane/user_proj_example/results/reports/synthesis/opensta_post_openphysyn.timing.rpt
/mnt/data/workspace/caravel-softshell/openlane/user_proj_example/results/reports/synthesis/opensta_post_openphysyn.min_max.rpt
/mnt/data/workspace/caravel-softshell/openlane/user_proj_example/results/reports/synthesis/opensta_post_openphysyn_wns.rpt
/mnt/data/workspace/caravel-softshell/openlane/user_proj_example/results/reports/synthesis/yosys_2.stat.rpt
/mnt/data/workspace/caravel-softshell/openlane/user_proj_example/results/reports/synthesis/opensta.min_max.rpt
/mnt/data/workspace/caravel-softshell/openlane/user_proj_example/results/reports/synthesis/opensta_spef.timing.rpt
/mnt/data/workspace/caravel-softshell/openlane/user_proj_example/results/reports/synthesis/opensta_tns.rpt
/mnt/data/workspace/caravel-softshell/openlane/user_proj_example/results/reports/synthesis/yosys_2.chk.rpt
/mnt/data/workspace/caravel-softshell/openlane/user_proj_example/results/reports/synthesis/opensta_spef_wns.rpt
/mnt/data/workspace/caravel-softshell/openlane/user_proj_example/results/reports/synthesis/opensta_spef_tns.rpt
/mnt/data/workspace/caravel-softshell/openlane/user_proj_example/results/reports/synthesis/opensta_post_openphysyn_tns.rpt
/mnt/data/workspace/caravel-softshell/openlane/user_proj_example/results/reports/synthesis/opensta_spef.rpt
/mnt/data/workspace/caravel-softshell/openlane/user_proj_example/results/reports/synthesis/opensta.rpt
/mnt/data/workspace/caravel-softshell/openlane/user_proj_example/results/reports/placement/openphysyn_wns.rpt
/mnt/data/workspace/caravel-softshell/openlane/user_proj_example/results/reports/placement/replace.min_max.rpt
/mnt/data/workspace/caravel-softshell/openlane/user_proj_example/results/reports/placement/openphysyn_tns.rpt
/mnt/data/workspace/caravel-softshell/openlane/user_proj_example/results/reports/placement/replace_wns.rpt
/mnt/data/workspace/caravel-softshell/openlane/user_proj_example/results/reports/placement/replace.rpt
/mnt/data/workspace/caravel-softshell/openlane/user_proj_example/results/reports/placement/replace_tns.rpt
/mnt/data/workspace/caravel-softshell/openlane/user_proj_example/results/reports/placement/replace.timing.rpt
/mnt/data/workspace/caravel-softshell/openlane/user_proj_example/results/reports/placement/openphysyn_allchecks.rpt
/mnt/data/workspace/caravel-softshell/openlane/user_proj_example/results/reports/placement/openphysyn_violators.rpt
/mnt/data/workspace/caravel-softshell/openlane/user_proj_example/results/reports/routing/fastroute_tns.rpt
/mnt/data/workspace/caravel-softshell/openlane/user_proj_example/results/reports/routing/fastroute_wns.rpt
/mnt/data/workspace/caravel-softshell/openlane/user_proj_example/results/reports/routing/fastroute.rpt
/mnt/data/workspace/caravel-softshell/openlane/user_proj_example/results/reports/routing/fastroute.min_max.rpt
/mnt/data/workspace/caravel-softshell/openlane/user_proj_example/results/reports/routing/fastroute.timing.rpt
/mnt/data/workspace/caravel-softshell/openlane/user_proj_example/results/reports/floorplan/verilog2def.die_area.rpt
/mnt/data/workspace/caravel-softshell/openlane/user_proj_example/results/reports/floorplan/verilog2def.core_area.rpt
/mnt/data/workspace/caravel-softshell/openlane/user_proj_example/scripts/place_diodes.py
/mnt/data/workspace/caravel-softshell/openlane/mgmt_protect/pdn.tcl
/mnt/data/workspace/caravel-softshell/openlane/user_project_wrapper/runs/user_project_wrapper/config.tcl
/mnt/data/workspace/caravel-softshell/openlane/user_project_wrapper/runs/user_project_wrapper/results/magic/user_project_wrapper.spice
/mnt/data/workspace/caravel-softshell/openlane/user_project_wrapper/runs/user_project_wrapper/results/magic/.magicrc
/mnt/data/workspace/caravel-softshell/openlane/user_project_wrapper/runs/user_project_wrapper/results/magic/user_proj_example.ext
/mnt/data/workspace/caravel-softshell/openlane/user_project_wrapper/runs/user_project_wrapper/results/magic/user_project_wrapper.ext
/mnt/data/workspace/caravel-softshell/openlane/user_project_wrapper/runs/user_project_wrapper/results/synthesis/user_project_wrapper.synthesis.v
/mnt/data/workspace/caravel-softshell/openlane/user_project_wrapper/runs/user_project_wrapper/results/synthesis/user_project_wrapper.synthesis.ve
/mnt/data/workspace/caravel-softshell/openlane/user_project_wrapper/runs/user_project_wrapper/results/routing/user_project_wrapper.def.ref
/mnt/data/workspace/caravel-softshell/openlane/user_project_wrapper/runs/user_project_wrapper/results/lvs/user_project_wrapper.lvs.json
/mnt/data/workspace/caravel-softshell/openlane/user_project_wrapper/runs/user_project_wrapper/results/lvs/user_project_wrapper.lvs.powered.v
/mnt/data/workspace/caravel-softshell/openlane/user_project_wrapper/runs/user_project_wrapper/logs/synthesis/yosys_runtime.txt
/mnt/data/workspace/caravel-softshell/openlane/user_project_wrapper/runs/user_project_wrapper/logs/routing/fastroute_runtime.txt
/mnt/data/workspace/caravel-softshell/openlane/user_project_wrapper/runs/user_project_wrapper/logs/routing/tritonRoute_runtime.txt
/mnt/data/workspace/caravel-softshell/openlane/user_project_wrapper/runs/user_project_wrapper/logs/floorplan/verilog2def_openroad_runtime.txt
/mnt/data/workspace/caravel-softshell/openlane/user_project_wrapper/runs/user_project_wrapper/tmp/magic_spice.tcl
/mnt/data/workspace/caravel-softshell/openlane/user_project_wrapper/runs/user_project_wrapper/tmp/trimmed.lib
/mnt/data/workspace/caravel-softshell/openlane/user_project_wrapper/runs/user_project_wrapper/tmp/tracks_copy.info
/mnt/data/workspace/caravel-softshell/openlane/user_project_wrapper/runs/user_project_wrapper/tmp/synthesis/hierarchy.dot
/mnt/data/workspace/caravel-softshell/openlane/user_project_wrapper/runs/user_project_wrapper/tmp/routing/tritonRoute.guide
/mnt/data/workspace/caravel-softshell/openlane/user_project_wrapper/runs/user_project_wrapper/tmp/routing/fastroute.guide
/mnt/data/workspace/caravel-softshell/openlane/user_project_wrapper/runs/user_project_wrapper/tmp/routing/tritonRoute.param
/mnt/data/workspace/caravel-softshell/openlane/user_project_wrapper/runs/user_project_wrapper/reports/synthesis/yosys_synth.stat
/mnt/data/workspace/caravel-softshell/openlane/user_project_wrapper/runs/user_project_wrapper/reports/synthesis/yosys_.chk.rpt
/mnt/data/workspace/caravel-softshell/openlane/user_project_wrapper/runs/user_project_wrapper/reports/synthesis/yosys.stat.rpt
/mnt/data/workspace/caravel-softshell/openlane/user_project_wrapper/runs/user_project_wrapper/reports/routing/fastroute_tns.rpt
/mnt/data/workspace/caravel-softshell/openlane/user_project_wrapper/runs/user_project_wrapper/reports/routing/antenna.rpt
/mnt/data/workspace/caravel-softshell/openlane/user_project_wrapper/runs/user_project_wrapper/reports/routing/tritonRoute.klayout.xml
/mnt/data/workspace/caravel-softshell/openlane/user_project_wrapper/runs/user_project_wrapper/reports/routing/fastroute_wns.rpt
/mnt/data/workspace/caravel-softshell/openlane/user_project_wrapper/runs/user_project_wrapper/reports/routing/fastroute.rpt
/mnt/data/workspace/caravel-softshell/openlane/user_project_wrapper/runs/user_project_wrapper/reports/routing/fastroute.min_max.rpt
/mnt/data/workspace/caravel-softshell/openlane/user_project_wrapper/runs/user_project_wrapper/reports/routing/fastroute.timing.rpt
/mnt/data/workspace/caravel-softshell/openlane/user_project_wrapper/runs/user_project_wrapper/reports/floorplan/verilog2def.die_area.rpt
/mnt/data/workspace/caravel-softshell/openlane/user_project_wrapper/runs/user_project_wrapper/reports/floorplan/verilog2def.core_area.rpt
/mnt/data/workspace/caravel-softshell/openlane/user_project_wrapper/results/config.tcl
/mnt/data/workspace/caravel-softshell/openlane/user_project_wrapper/results/logs/synthesis/yosys_runtime.txt
/mnt/data/workspace/caravel-softshell/openlane/user_project_wrapper/results/logs/routing/fastroute_runtime.txt
/mnt/data/workspace/caravel-softshell/openlane/user_project_wrapper/results/logs/routing/tritonRoute_runtime.txt
/mnt/data/workspace/caravel-softshell/openlane/user_project_wrapper/results/logs/floorplan/verilog2def_openroad_runtime.txt
/mnt/data/workspace/caravel-softshell/openlane/user_project_wrapper/results/tmp/magic_spice.tcl
/mnt/data/workspace/caravel-softshell/openlane/user_project_wrapper/results/reports/synthesis/yosys_.chk.rpt
/mnt/data/workspace/caravel-softshell/openlane/user_project_wrapper/results/reports/synthesis/yosys.stat.rpt
/mnt/data/workspace/caravel-softshell/openlane/user_project_wrapper/results/reports/routing/fastroute_tns.rpt
/mnt/data/workspace/caravel-softshell/openlane/user_project_wrapper/results/reports/routing/fastroute_wns.rpt
/mnt/data/workspace/caravel-softshell/openlane/user_project_wrapper/results/reports/routing/fastroute.rpt
/mnt/data/workspace/caravel-softshell/openlane/user_project_wrapper/results/reports/routing/fastroute.min_max.rpt
/mnt/data/workspace/caravel-softshell/openlane/user_project_wrapper/results/reports/routing/fastroute.timing.rpt
/mnt/data/workspace/caravel-softshell/openlane/user_project_wrapper/results/reports/floorplan/verilog2def.die_area.rpt
/mnt/data/workspace/caravel-softshell/openlane/user_project_wrapper/results/reports/floorplan/verilog2def.core_area.rpt
/mnt/data/workspace/caravel-softshell/doc/caravel_datasheet.ps
/mnt/data/workspace/caravel-softshell/mag/clamp_list.txt
/mnt/data/workspace/caravel-softshell/verilog/rtl/mprj_logic_high.v
/mnt/data/workspace/caravel-softshell/verilog/rtl/simpleuart.v
/mnt/data/workspace/caravel-softshell/verilog/rtl/mprj2_logic_high.v
/mnt/data/workspace/caravel-softshell/verilog/rtl/mgmt_soc.v
/mnt/data/workspace/caravel-softshell/verilog/rtl/spimemio.v
/mnt/data/workspace/caravel-softshell/verilog/rtl/picorv32.v
/mnt/data/workspace/caravel-softshell/verilog/rtl/softshell/rtl/rv_core.v
/mnt/data/workspace/caravel-softshell/verilog/rtl/softshell/dv/sections_cpu1.lds
/mnt/data/workspace/caravel-softshell/verilog/rtl/softshell/dv/start.s
/mnt/data/workspace/caravel-softshell/verilog/rtl/softshell/dv/custom_ops.S
/mnt/data/workspace/caravel-softshell/verilog/rtl/softshell/dv/sections_cpu0.lds
/mnt/data/workspace/caravel-softshell/verilog/rtl/softshell/dv/Makefile
/mnt/data/workspace/caravel-softshell/verilog/gl/caravel.v
/mnt/data/workspace/caravel-softshell/verilog/gl/sky130_fd_sc_hvl__lsbufhv2lv_1_wrapped.v
/mnt/data/workspace/caravel-softshell/verilog/gl/mprj_logic_high.v
/mnt/data/workspace/caravel-softshell/verilog/gl/mgmt_protect.v
/mnt/data/workspace/caravel-softshell/verilog/gl/mgmt_protect_hv.v
/mnt/data/workspace/caravel-softshell/verilog/gl/user_proj_example.v
/mnt/data/workspace/caravel-softshell/verilog/gl/mprj2_logic_high.v
/mnt/data/workspace/caravel-softshell/verilog/gl/user_project_wrapper.v
/mnt/data/workspace/caravel-softshell/verilog/gl/chip_io.v
/mnt/data/workspace/caravel-softshell/verilog/dv/caravel/start.s
/mnt/data/workspace/caravel-softshell/verilog/dv/caravel/sections.lds
/mnt/data/workspace/caravel-softshell/verilog/dv/caravel/spiflash.v
/mnt/data/workspace/caravel-softshell/verilog/dv/caravel/tbuart.v
/mnt/data/workspace/caravel-softshell/verilog/dv/caravel/mgmt_soc/storage/storage_tb.v
/mnt/data/workspace/caravel-softshell/verilog/dv/caravel/mgmt_soc/timer/timer_tb.v
/mnt/data/workspace/caravel-softshell/verilog/dv/caravel/mgmt_soc/timer2/timer2_tb.v
/mnt/data/workspace/caravel-softshell/verilog/dv/caravel/mgmt_soc/gpio/gpio_tb.v
/mnt/data/workspace/caravel-softshell/verilog/dv/caravel/mgmt_soc/uart/uart_tb.v
/mnt/data/workspace/caravel-softshell/verilog/dv/caravel/mgmt_soc/perf/perf_tb.v
/mnt/data/workspace/caravel-softshell/verilog/dv/caravel/mgmt_soc/mem/mem_tb.v
/mnt/data/workspace/caravel-softshell/spi/lvs/simple_por.spice
/mnt/data/workspace/caravel-softshell/spi/lvs/digital_pll.spice
/mnt/data/workspace/caravel-softshell/spi/lvs/mprj2_logic_high.spice
/mnt/data/workspace/caravel-softshell/spi/lvs/sky130_fd_sc_hvl__lsbufhv2lv_1_wrapped.spice
/mnt/data/workspace/caravel-softshell/spi/lvs/storage.spice
/mnt/data/workspace/caravel-softshell/spi/lvs/user_project_wrapper.spice
/mnt/data/workspace/caravel-softshell/spi/lvs/user_proj_example.spice
/mnt/data/workspace/caravel-softshell/spi/lvs/DFFRAM.spice
/mnt/data/workspace/caravel-softshell/spi/lvs/mgmt_protect.spice
/mnt/data/workspace/caravel-softshell/spi/lvs/mgmt_protect_hv.spice
/mnt/data/workspace/caravel-softshell/spi/lvs/user_id_programming.spice
/mnt/data/workspace/caravel-softshell/spi/lvs/mprj_logic_high.spice
/mnt/data/workspace/caravel-softshell/spi/lvs/gpio_control_block.spice
/mnt/data/workspace/caravel-softshell/spi/lvs/mgmt_core.spice
/mnt/data/workspace/caravel-softshell/spi/lvs/chip_io.spice
